======  Schedule 1  ======
[ 
	(TRANSFER Atlantis Self ((R22 19799))) EU: -0.20510624906142474
	(TRANSFER Atlantis Self ((R23 247))) EU: -0.1525266444503069
	(TRANSFER Brobdingnag Self ((R21 39853))) EU: -0.12475301271481404
	(TRANSFER Brobdingnag Self ((R2 234964))) EU: -0.10923602057293907
	(TRANSFER Atlantis Self ((R3 238))) EU: -0.12813469224142232
	(TRANSFER Atlantis Self ((R23 3))) EU: -0.1308863148973935
	(TRANSFER Atlantis Self ((R22 266))) EU: -0.13225005010094656
	(TRANSFORM Self 
		(INPUTS (R2 234814)
			(R1 425))
		(OUTPUTS (R21' 575)
			(R21 40428)
			(R1 1000))) EU: 0.8034661186717644
	(TRANSFER Self Erewhon ((R21' 330))) EU: -0.1110125473620023
]
======  Schedule 2  ======
[ 
	(TRANSFER Atlantis Self ((R22 19799))) EU: -0.20510624906142474
	(TRANSFER Atlantis Self ((R23 247))) EU: -0.1525266444503069
	(TRANSFER Brobdingnag Self ((R21 39853))) EU: -0.12475301271481404
	(TRANSFER Brobdingnag Self ((R2 234964))) EU: -0.10923602057293907
	(TRANSFER Atlantis Self ((R3 238))) EU: -0.12813469224142232
	(TRANSFER Atlantis Self ((R23 3))) EU: -0.1308863148973935
	(TRANSFER Atlantis Self ((R22 266))) EU: -0.13225005010094656
	(TRANSFORM Self 
		(INPUTS (R2 234814)
			(R1 425))
		(OUTPUTS (R21' 575)
			(R21 40428)
			(R1 1000))) EU: 0.8034661186717644
	(TRANSFER Self Erewhon ((R21' 316))) EU: -0.1110125473620023
]
======  Schedule 3  ======
[ 
	(TRANSFER Atlantis Self ((R22 19799))) EU: -0.20510624906142474
	(TRANSFER Atlantis Self ((R23 247))) EU: -0.1525266444503069
	(TRANSFER Brobdingnag Self ((R21 39853))) EU: -0.12475301271481404
	(TRANSFER Brobdingnag Self ((R2 234964))) EU: -0.10923602057293907
	(TRANSFER Atlantis Self ((R3 238))) EU: -0.12813469224142232
	(TRANSFER Atlantis Self ((R23 3))) EU: -0.1308863148973935
	(TRANSFER Atlantis Self ((R22 266))) EU: -0.13225005010094656
	(TRANSFORM Self 
		(INPUTS (R2 234814)
			(R1 425))
		(OUTPUTS (R21' 575)
			(R21 40428)
			(R1 1000))) EU: 0.8034661186717644
	(TRANSFER Self Erewhon ((R21' 301))) EU: -0.1110125473620023
]
