[ 
	(TRANSFER Dinotopia Self ((R22 19800))) EU: 0.17897653060330057
	(TRANSFER Erewhon Self ((R23 247))) EU: 0.3277729007143099
	(TRANSFER Carpania Self ((R21 40342))) EU: 0.368160457834781
	(TRANSFER Atlantis Self ((R2 237847))) EU: 0.4128276048494997
	(TRANSFER Atlantis Self ((R3 249))) EU: 0.4098167972000517
	(TRANSFER Erewhon Self ((R23 5))) EU: 0.4048904256635039
	(TRANSFORM Self 
		(INPUTS (R2 238622)
			(R21 40192)
			(R1 925))
		(OUTPUTS (R22' 75)
			(R22 19950)
			(R1 1000))) EU: 0.8034918381519167
	(TRANSFER Carpania Self ((R21 825))) EU: 0.4023758076021324
	(TRANSFER Brobdingnag Self ((R2 975))) EU: 0.40832494075212594
	(TRANSFORM Self 
		(INPUTS (R2 239522)
			(R21 40967)
			(R1 975))
		(OUTPUTS (R22' 100)
			(R22 20000)
			(R1 1000))) EU: 0.8035134022390258
	(TRANSFER Carpania Self ((R2 725))) EU: 0.39597256457492885
	(TRANSFER Brobdingnag Self ((R2 3))) EU: 0.40519591281274703
	(TRANSFER Self Brobdingnag ((R22' 97))) EU: 0.40435420411334033
	(TRANSFER Self Brobdingnag ((R22' 2))) EU: 0.40359685787897115
	(TRANSFER Brobdingnag Self ((R22' 96))) EU: 0.402915406693357
	(TRANSFER Self Brobdingnag ((R22' 94))) EU: 0.40230223438225676
	(TRANSFER Self Brobdingnag ((R22' 2))) EU: 0.40175049042068456
	(TRANSFER Brobdingnag Self ((R22' 96))) EU: 0.40125401288331647
	(TRANSFER Self Brobdingnag ((R22' 94))) EU: 0.40080725911543047
	(TRANSFER Self Brobdingnag ((R22' 2))) EU: 0.40040524337018474
	(TRANSFER Brobdingnag Self ((R22' 96))) EU: 0.40004348072439894
	(TRANSFER Self Brobdingnag ((R22' 94))) EU: 0.39971793664798977
	(TRANSFER Self Brobdingnag ((R22' 2))) EU: 0.39942498166112805
	(TRANSFER Brobdingnag Self ((R22' 96))) EU: 0.39916135056770174
	(TRANSFER Self Brobdingnag ((R22' 94))) EU: 0.3989241058037216
]