[ 
	(TRANSFER Erewhon Self ((R3 249))) EU: -0.25310435620245175
	(TRANSFORM Self 
		(INPUTS (R2 26)
			(R1 513))
		(OUTPUTS (R21' 487)
			(R21 487)
			(R1 1000))) EU: 0.009170464203852369
	(TRANSFORM Self 
		(INPUTS (R2 1)
			(R21 412)
			(R3 1124)
			(R1 875))
		(OUTPUTS (R23' 25)
			(R23 25)
			(R1 1000))) EU: 0.03413190537340405
	(TRANSFER Dinotopia Self ((R3 125))) EU: -0.24786608086444667
	(TRANSFER Carpania Self ((R2 975))) EU: -0.24949930392346142
	(TRANSFORM Self 
		(INPUTS (R2 867)
			(R21 85)
			(R3 704)
			(R1 455))
		(OUTPUTS (R23' 134)
			(R23 134)
			(R1 1000))) EU: 0.10003107118760957
	(TRANSFER Dinotopia Self ((R3 546))) EU: -0.2163968909649032
	(TRANSFORM Self 
		(INPUTS (R2 840)
			(R21 4)
			(R3 1115)
			(R1 865))
		(OUTPUTS (R23' 161)
			(R23 161)
			(R1 1000))) EU: 0.14810014159309048
	(TRANSFER Dinotopia Self ((R3 139))) EU: -0.21464253622222926
	(TRANSFORM Self 
		(INPUTS (R2 22)
			(R1 591))
		(OUTPUTS (R21' 896)
			(R21 413)
			(R1 1000))) EU: 0.1519133752093288
	(TRANSFORM Self 
		(INPUTS (R2 1)
			(R21 350)
			(R3 1149)
			(R1 895))
		(OUTPUTS (R23' 182)
			(R23 182)
			(R1 1000))) EU: 0.1599739279210851
	(TRANSFER Brobdingnag Self ((R3 100))) EU: -0.20827793503073283
	(TRANSFER Atlantis Self ((R2 975))) EU: -0.20901766072671535
	(TRANSFORM Self 
		(INPUTS (R2 945)
			(R21 257)
			(R3 1094)
			(R1 845))
		(OUTPUTS (R23' 213)
			(R23 213)
			(R1 1000))) EU: 0.16819661675017739
	(TRANSFER Dinotopia Self ((R3 156))) EU: -0.21289161835902473
	(TRANSFORM Self 
		(INPUTS (R2 25)
			(R1 540))
		(OUTPUTS (R21' 1356)
			(R21 717)
			(R1 1000))) EU: 0.1729196444702895
	(TRANSFORM Self 
		(INPUTS (R2 8)
			(R21 666)
			(R3 1165)
			(R1 915))
		(OUTPUTS (R23' 230)
			(R23 230)
			(R1 1000))) EU: 0.17447888944940637
	(TRANSFER Brobdingnag Self ((R2 975))) EU: -0.20892256887389743
	(TRANSFORM Self 
		(INPUTS (R2 29)
			(R21 30)
			(R1 682))
		(OUTPUTS (R22 636)
			(R22' 318)
			(R1 1000))) EU: 0.17893073643872826
	(TRANSFER Erewhon Self ((R2 975))) EU: -0.20881552574458456
	(TRANSFORM Self 
		(INPUTS (R2 26)
			(R1 511))
		(OUTPUTS (R21' 1845)
			(R21 519)
			(R1 1000))) EU: 0.1822112890271822
	(TRANSFER Dinotopia Self ((R2 975))) EU: -0.21071740432569758
	(TRANSFORM Self 
		(INPUTS (R2 245)
			(R21 15)
			(R1 748))
		(OUTPUTS (R22 1140)
			(R22' 570)
			(R1 1000))) EU: 0.18595206333609882
	(TRANSFER Brobdingnag Self ((R3 90))) EU: -0.20799355914006462
	(TRANSFORM Self 
		(INPUTS (R2 9)
			(R1 882))
		(OUTPUTS (R21' 1963)
			(R21 133)
			(R1 1000))) EU: 0.18725714268352023
]