[ 
	(TRANSFER Dinotopia Self ((R22 19800))) EU: -0.16474183914163004
	(TRANSFER Carpania Self ((R21 40342))) EU: -0.090278778462415
	(TRANSFER Erewhon Self ((R23 247))) EU: -0.018326883126780824
	(TRANSFER Atlantis Self ((R2 237847))) EU: 0.05105255055289715
	(TRANSFER Atlantis Self ((R3 249))) EU: 0.041377917851809554
	(TRANSFER Erewhon Self ((R23 5))) EU: 0.03643911706787195
	(TRANSFORM Self 
		(INPUTS (R2 238247)
			(R1 700))
		(OUTPUTS (R21' 300)
			(R21 40642)
			(R1 1000))) EU: 0.669830271226646
	(TRANSFER Brobdingnag Self ((R2 975))) EU: 0.04078515173286823
	(TRANSFORM Self 
		(INPUTS (R2 238997)
			(R21 40492)
			(R1 925))
		(OUTPUTS (R22 19950)
			(R22' 75)
			(R1 1000))) EU: 0.6698474338060236
	(TRANSFER Carpania Self ((R2 975))) EU: 0.010860068802640843
	(TRANSFORM Self 
		(INPUTS (R2 239524)
			(R1 776))
		(OUTPUTS (R21' 524)
			(R21 40716)
			(R1 1000))) EU: 0.6698569920528112
	(TRANSFER Dinotopia Self ((R2 725))) EU: 0.001664705555505408
	(TRANSFORM Self 
		(INPUTS (R2 240174)
			(R21 40666)
			(R1 975))
		(OUTPUTS (R22 20000)
			(R22' 100)
			(R1 1000))) EU: 0.6698589409181119
	(TRANSFORM Self 
		(INPUTS (R2 240024)
			(R1 925))
		(OUTPUTS (R21' 599)
			(R21 40741)
			(R1 1000))) EU: 0.6698595083403591
	(TRANSFER Dinotopia Self ((R2 226))) EU: -0.008957098886005987
	(TRANSFER Self Brobdingnag ((R22' 97))) EU: 0.022059517398238193
	(TRANSFER Self Brobdingnag ((R22' 2))) EU: 0.020648255363383328
	(TRANSFER Brobdingnag Self ((R22' 96))) EU: 0.01937876641299091
	(TRANSFER Self Brobdingnag ((R22' 94))) EU: 0.018236760464232782
	(TRANSFER Self Brobdingnag ((R22' 2))) EU: 0.017209395109520298
	(TRANSFER Brobdingnag Self ((R22' 96))) EU: 0.016285128054972287
	(TRANSFER Self Brobdingnag ((R22' 94))) EU: 0.01545358464035862
	(TRANSFER Self Brobdingnag ((R22' 2))) EU: 0.014705438926767178
	(TRANSFER Brobdingnag Self ((R22' 96))) EU: 0.014032306975291786
	(TRANSFER Self Brobdingnag ((R22' 94))) EU: 0.013426651070317874
]