======  Schedule 1  ======
[ 
	(TRANSFER Atlantis Self ((R22 19799))) EU: -14.56449609401231
	(TRANSFER Atlantis Self ((R23 247))) EU: -14.5597299541586
	(TRANSFER Brobdingnag Self ((R21 39853))) EU: -14.554965451544478
	(TRANSFER Brobdingnag Self ((R2 234964))) EU: -14.550232860713992
	(TRANSFER Atlantis Self ((R3 238))) EU: -12.344655163766744
	(TRANSFORM Self 
		(INPUTS (R2 234814)
			(R1 425))
		(OUTPUTS (R21' 575)
			(R21 40428)
			(R1 1000))) EU: -12.34464869931616
	(TRANSFER Atlantis Self ((R23 3))) EU: -12.344644632547942
	(TRANSFER Atlantis Self ((R22 266))) EU: -12.344642078707144
	(TRANSFER Self Atlantis ((R21' 560))) EU: -12.344642078707144
	(TRANSFER Self Atlantis ((R21' 14))) EU: -12.344642078707144
	(TRANSFER Atlantis Self ((R21' 559))) EU: -12.344642078707144
	(TRANSFER Self Atlantis ((R21' 546))) EU: -12.344642078707144
	(TRANSFER Self Atlantis ((R21' 13))) EU: -12.344642078707144
	(TRANSFER Atlantis Self ((R21' 559))) EU: -12.344642078707144
	(TRANSFER Self Atlantis ((R21' 546))) EU: -12.344642078707144
	(TRANSFER Self Atlantis ((R21' 13))) EU: -12.344642078707144
	(TRANSFER Atlantis Self ((R21' 559))) EU: -12.344642078707144
	(TRANSFER Self Atlantis ((R21' 546))) EU: -12.344642078707144
	(TRANSFER Self Atlantis ((R21' 13))) EU: -12.344642078707144
	(TRANSFER Atlantis Self ((R21' 559))) EU: -12.344642078707144
	(TRANSFER Self Atlantis ((R21' 546))) EU: -12.344642078707144
	(TRANSFER Self Atlantis ((R21' 13))) EU: -12.344642078707144
	(TRANSFER Atlantis Self ((R21' 559))) EU: -12.344642078707144
	(TRANSFER Self Atlantis ((R21' 546))) EU: -12.344642078707144
	(TRANSFER Self Atlantis ((R21' 13))) EU: -12.344642078707144
]
======  Schedule 2  ======
[ 
	(TRANSFER Atlantis Self ((R22 19799))) EU: -14.56449609401231
	(TRANSFER Atlantis Self ((R23 247))) EU: -14.5597299541586
	(TRANSFER Brobdingnag Self ((R21 39853))) EU: -14.554965451544478
	(TRANSFER Brobdingnag Self ((R2 234964))) EU: -14.550232860713992
	(TRANSFER Atlantis Self ((R3 238))) EU: -12.344655163766744
	(TRANSFORM Self 
		(INPUTS (R2 234814)
			(R1 425))
		(OUTPUTS (R21' 575)
			(R21 40428)
			(R1 1000))) EU: -12.34464869931616
	(TRANSFER Atlantis Self ((R23 3))) EU: -12.344644632547942
	(TRANSFER Atlantis Self ((R22 266))) EU: -12.344642078707144
	(TRANSFER Self Atlantis ((R21' 560))) EU: -12.344642078707144
	(TRANSFER Self Atlantis ((R21' 14))) EU: -12.344642078707144
	(TRANSFER Atlantis Self ((R21' 559))) EU: -12.344642078707144
	(TRANSFER Self Atlantis ((R21' 546))) EU: -12.344642078707144
	(TRANSFER Self Atlantis ((R21' 13))) EU: -12.344642078707144
	(TRANSFER Atlantis Self ((R21' 559))) EU: -12.344642078707144
	(TRANSFER Self Atlantis ((R21' 546))) EU: -12.344642078707144
	(TRANSFER Self Atlantis ((R21' 13))) EU: -12.344642078707144
	(TRANSFER Atlantis Self ((R21' 559))) EU: -12.344642078707144
	(TRANSFER Self Atlantis ((R21' 546))) EU: -12.344642078707144
	(TRANSFER Self Atlantis ((R21' 13))) EU: -12.344642078707144
	(TRANSFER Atlantis Self ((R21' 559))) EU: -12.344642078707144
	(TRANSFER Self Atlantis ((R21' 546))) EU: -12.344642078707144
	(TRANSFER Self Atlantis ((R21' 13))) EU: -12.344642078707144
	(TRANSFER Atlantis Self ((R21' 559))) EU: -12.344642078707144
	(TRANSFER Self Atlantis ((R21' 546))) EU: -12.344642078707144
	(TRANSFER Atlantis Self ((R21' 546))) EU: -12.344642078707144
]
======  Schedule 3  ======
[ 
	(TRANSFER Atlantis Self ((R22 19799))) EU: -14.56449609401231
	(TRANSFER Atlantis Self ((R23 247))) EU: -14.5597299541586
	(TRANSFER Brobdingnag Self ((R21 39853))) EU: -14.554965451544478
	(TRANSFER Brobdingnag Self ((R2 234964))) EU: -14.550232860713992
	(TRANSFER Atlantis Self ((R3 238))) EU: -12.344655163766744
	(TRANSFORM Self 
		(INPUTS (R2 234814)
			(R1 425))
		(OUTPUTS (R21' 575)
			(R21 40428)
			(R1 1000))) EU: -12.34464869931616
	(TRANSFER Atlantis Self ((R23 3))) EU: -12.344644632547942
	(TRANSFER Atlantis Self ((R22 266))) EU: -12.344642078707144
	(TRANSFER Self Atlantis ((R21' 560))) EU: -12.344642078707144
	(TRANSFER Self Atlantis ((R21' 14))) EU: -12.344642078707144
	(TRANSFER Atlantis Self ((R21' 559))) EU: -12.344642078707144
	(TRANSFER Self Atlantis ((R21' 546))) EU: -12.344642078707144
	(TRANSFER Self Atlantis ((R21' 13))) EU: -12.344642078707144
	(TRANSFER Atlantis Self ((R21' 559))) EU: -12.344642078707144
	(TRANSFER Self Atlantis ((R21' 546))) EU: -12.344642078707144
	(TRANSFER Self Atlantis ((R21' 13))) EU: -12.344642078707144
	(TRANSFER Atlantis Self ((R21' 559))) EU: -12.344642078707144
	(TRANSFER Self Atlantis ((R21' 546))) EU: -12.344642078707144
	(TRANSFER Self Atlantis ((R21' 13))) EU: -12.344642078707144
	(TRANSFER Atlantis Self ((R21' 559))) EU: -12.344642078707144
	(TRANSFER Self Atlantis ((R21' 546))) EU: -12.344642078707144
	(TRANSFER Self Atlantis ((R21' 13))) EU: -12.344642078707144
	(TRANSFER Atlantis Self ((R21' 559))) EU: -12.344642078707144
	(TRANSFER Self Atlantis ((R21' 546))) EU: -12.344642078707144
	(TRANSFER Self Atlantis ((R21' 13))) EU: -12.344642078707144
]
======  Schedule 4  ======
[ 
	(TRANSFER Atlantis Self ((R22 19799))) EU: -14.56449609401231
	(TRANSFER Atlantis Self ((R23 247))) EU: -14.5597299541586
	(TRANSFER Brobdingnag Self ((R21 39853))) EU: -14.554965451544478
	(TRANSFER Brobdingnag Self ((R2 234964))) EU: -14.550232860713992
	(TRANSFER Atlantis Self ((R3 238))) EU: -12.344655163766744
	(TRANSFORM Self 
		(INPUTS (R2 234814)
			(R1 425))
		(OUTPUTS (R21' 575)
			(R21 40428)
			(R1 1000))) EU: -12.34464869931616
	(TRANSFER Atlantis Self ((R23 3))) EU: -12.344644632547942
	(TRANSFER Atlantis Self ((R22 266))) EU: -12.344642078707144
	(TRANSFER Self Atlantis ((R21' 560))) EU: -12.344642078707144
	(TRANSFER Self Atlantis ((R21' 14))) EU: -12.344642078707144
	(TRANSFER Atlantis Self ((R21' 559))) EU: -12.344642078707144
	(TRANSFER Self Atlantis ((R21' 546))) EU: -12.344642078707144
	(TRANSFER Self Atlantis ((R21' 13))) EU: -12.344642078707144
	(TRANSFER Atlantis Self ((R21' 559))) EU: -12.344642078707144
	(TRANSFER Self Atlantis ((R21' 546))) EU: -12.344642078707144
	(TRANSFER Self Atlantis ((R21' 13))) EU: -12.344642078707144
	(TRANSFER Atlantis Self ((R21' 559))) EU: -12.344642078707144
	(TRANSFER Self Atlantis ((R21' 546))) EU: -12.344642078707144
	(TRANSFER Self Atlantis ((R21' 13))) EU: -12.344642078707144
	(TRANSFER Atlantis Self ((R21' 559))) EU: -12.344642078707144
	(TRANSFER Self Atlantis ((R21' 546))) EU: -12.344642078707144
	(TRANSFER Self Atlantis ((R21' 13))) EU: -12.344642078707144
	(TRANSFER Atlantis Self ((R21' 559))) EU: -12.344642078707144
	(TRANSFER Self Atlantis ((R21' 546))) EU: -12.344642078707144
	(TRANSFER Atlantis Self ((R21' 532))) EU: -12.344642078707144
]
======  Schedule 5  ======
[ 
	(TRANSFER Atlantis Self ((R22 19799))) EU: -14.56449609401231
	(TRANSFER Atlantis Self ((R23 247))) EU: -14.5597299541586
	(TRANSFER Brobdingnag Self ((R21 39853))) EU: -14.554965451544478
	(TRANSFER Brobdingnag Self ((R2 234964))) EU: -14.550232860713992
	(TRANSFER Atlantis Self ((R3 238))) EU: -12.344655163766744
	(TRANSFORM Self 
		(INPUTS (R2 234814)
			(R1 425))
		(OUTPUTS (R21' 575)
			(R21 40428)
			(R1 1000))) EU: -12.34464869931616
	(TRANSFER Atlantis Self ((R23 3))) EU: -12.344644632547942
	(TRANSFER Atlantis Self ((R22 266))) EU: -12.344642078707144
	(TRANSFER Self Atlantis ((R21' 560))) EU: -12.344642078707144
	(TRANSFER Self Atlantis ((R21' 14))) EU: -12.344642078707144
	(TRANSFER Atlantis Self ((R21' 559))) EU: -12.344642078707144
	(TRANSFER Self Atlantis ((R21' 546))) EU: -12.344642078707144
	(TRANSFER Self Atlantis ((R21' 13))) EU: -12.344642078707144
	(TRANSFER Atlantis Self ((R21' 559))) EU: -12.344642078707144
	(TRANSFER Self Atlantis ((R21' 546))) EU: -12.344642078707144
	(TRANSFER Self Atlantis ((R21' 13))) EU: -12.344642078707144
	(TRANSFER Atlantis Self ((R21' 559))) EU: -12.344642078707144
	(TRANSFER Self Atlantis ((R21' 546))) EU: -12.344642078707144
	(TRANSFER Self Atlantis ((R21' 13))) EU: -12.344642078707144
	(TRANSFER Atlantis Self ((R21' 559))) EU: -12.344642078707144
	(TRANSFER Self Atlantis ((R21' 546))) EU: -12.344642078707144
	(TRANSFER Self Atlantis ((R21' 13))) EU: -12.344642078707144
	(TRANSFER Atlantis Self ((R21' 559))) EU: -12.344642078707144
	(TRANSFER Self Atlantis ((R21' 546))) EU: -12.344642078707144
	(TRANSFER Self Atlantis ((R21' 12))) EU: -12.344642078707144
]
