[ 
	(TRANSFER Dinotopia Self ((R22 19800))) EU: -0.0872409355082365
	(TRANSFER Erewhon Self ((R23 247))) EU: 0.05558291203793869
	(TRANSFER Carpania Self ((R21 40342))) EU: 0.08740775254497712
	(TRANSFER Atlantis Self ((R2 237847))) EU: 0.1291757659259432
	(TRANSFER Atlantis Self ((R3 249))) EU: 0.12247444902335997
	(TRANSFER Erewhon Self ((R23 5))) EU: 0.11394361581481594
	(TRANSFORM Self 
		(INPUTS (R2 238622)
			(R21 40192)
			(R1 925))
		(OUTPUTS (R22' 75)
			(R22 19950)
			(R1 1000))) EU: 0.8034918381519167
	(TRANSFER Carpania Self ((R21 825))) EU: 0.1095822451641022
	(TRANSFER Brobdingnag Self ((R2 975))) EU: 0.11987243367996075
	(TRANSFORM Self 
		(INPUTS (R2 239522)
			(R21 40967)
			(R1 975))
		(OUTPUTS (R22' 100)
			(R22 20000)
			(R1 1000))) EU: 0.8035134022390258
	(TRANSFER Carpania Self ((R2 725))) EU: 0.0985024835502124
	(TRANSFER Brobdingnag Self ((R2 3))) EU: 0.11445807480326098
	(TRANSFER Self Brobdingnag ((R22' 70))) EU: 0.11300199186895288
]