[ 
	(TRANSFER Dinotopia Self ((R22 19800))) EU: 0.1083863894646262
	(TRANSFER Carpania Self ((R21 40342))) EU: 0.18886099888191643
	(TRANSFER Erewhon Self ((R23 247))) EU: 0.2662067454744652
	(TRANSFER Atlantis Self ((R2 237847))) EU: 0.3404062882769904
	(TRANSFER Atlantis Self ((R3 249))) EU: 0.33684208893859113
	(TRANSFER Erewhon Self ((R23 5))) EU: 0.3342282189553051
	(TRANSFORM Self 
		(INPUTS (R2 238247)
			(R1 700))
		(OUTPUTS (R21' 300)
			(R21 40642)
			(R1 1000))) EU: 0.669830271226646
	(TRANSFER Brobdingnag Self ((R2 975))) EU: 0.3365348789601762
	(TRANSFORM Self 
		(INPUTS (R2 238997)
			(R21 40492)
			(R1 925))
		(OUTPUTS (R22 19950)
			(R22' 75)
			(R1 1000))) EU: 0.6698474338060236
	(TRANSFER Carpania Self ((R2 975))) EU: 0.32068173718558746
	(TRANSFORM Self 
		(INPUTS (R2 239524)
			(R1 776))
		(OUTPUTS (R21' 524)
			(R21 40716)
			(R1 1000))) EU: 0.6698569920528112
	(TRANSFER Dinotopia Self ((R2 725))) EU: 0.3158108943173205
	(TRANSFORM Self 
		(INPUTS (R2 240174)
			(R21 40666)
			(R1 975))
		(OUTPUTS (R22 20000)
			(R22' 100)
			(R1 1000))) EU: 0.6698589409181119
	(TRANSFORM Self 
		(INPUTS (R2 240024)
			(R1 925))
		(OUTPUTS (R21' 599)
			(R21 40741)
			(R1 1000))) EU: 0.6698595083403591
	(TRANSFER Dinotopia Self ((R2 226))) EU: 0.3101830758399733
	(TRANSFER Self Brobdingnag ((R22' 97))) EU: 0.32661748230155746
	(TRANSFER Self Brobdingnag ((R22' 2))) EU: 0.32586971363162714
]