[ 
	(TRANSFER Atlantis Self ((R22 19799))) EU: -0.1932249622513068
	(TRANSFER Atlantis Self ((R23 247))) EU: -0.14444990419674947
	(TRANSFER Brobdingnag Self ((R21 39853))) EU: -0.06174066363976996
	(TRANSFER Brobdingnag Self ((R2 234964))) EU: -0.008403315059728411
	(TRANSFER Atlantis Self ((R3 238))) EU: -0.046623684267018906
	(TRANSFORM Self 
		(INPUTS (R2 234814)
			(R1 425))
		(OUTPUTS (R21' 575)
			(R21 40428)
			(R1 1000))) EU: 0.6697181905009687
	(TRANSFER Atlantis Self ((R23 3))) EU: -0.06967964946292146
	(TRANSFER Atlantis Self ((R22 266))) EU: -0.07947230968639346
	(TRANSFER Self Erewhon ((R21' 560))) EU: -0.0715168688113596
	(TRANSFER Self Erewhon ((R21' 14))) EU: -0.08088516107878732
	(TRANSFER Erewhon Self ((R21' 559))) EU: -0.08923844182004909
	(TRANSFER Self Erewhon ((R21' 546))) EU: -0.09669045623958189
	(TRANSFER Self Erewhon ((R21' 13))) EU: -0.10334203379839785
	(TRANSFER Erewhon Self ((R21' 559))) EU: -0.10928243418985534
	(TRANSFER Self Erewhon ((R21' 546))) EU: -0.11459062130605904
	(TRANSFER Self Erewhon ((R21' 13))) EU: -0.11933643813191205
	(TRANSFER Erewhon Self ((R21' 559))) EU: -0.12358167156127262
	(TRANSFER Self Erewhon ((R21' 546))) EU: -0.12738100598025745
	(TRANSFER Self Erewhon ((R21' 13))) EU: -0.13078287020598212
	(TRANSFER Erewhon Self ((R21' 559))) EU: -0.13383018544703779
	(TRANSFER Self Erewhon ((R21' 546))) EU: -0.13656102334016723
	(TRANSFER Self Erewhon ((R21' 13))) EU: -0.1390091834662919
	(TRANSFER Erewhon Self ((R21' 559))) EU: -0.1412046994856364
	(TRANSFER Self Erewhon ((R21' 546))) EU: -0.14317428243249747
	(TRANSFER Self Erewhon ((R21' 13))) EU: -0.14494170895028552
]