[ 
	(TRANSFER Erewhon Self ((R3 249))) EU: -0.2518487813989039
	(TRANSFORM Self 
		(INPUTS (R2 26)
			(R1 513))
		(OUTPUTS (R21' 487)
			(R21 487)
			(R1 1000))) EU: 0.0055243760264170605
	(TRANSFORM Self 
		(INPUTS (R2 1)
			(R21 412)
			(R3 1124)
			(R1 875))
		(OUTPUTS (R23' 25)
			(R23 25)
			(R1 1000))) EU: 0.05337135356029998
	(TRANSFER Dinotopia Self ((R3 125))) EU: -0.23264628903555967
	(TRANSFER Carpania Self ((R2 975))) EU: -0.23366952178080294
	(TRANSFORM Self 
		(INPUTS (R2 843)
			(R21 13)
			(R3 584)
			(R1 335))
		(OUTPUTS (R23' 158)
			(R23 158)
			(R1 1000))) EU: 0.2292384740318693
	(TRANSFER Brobdingnag Self ((R3 675))) EU: -0.1442992572757576
	(TRANSFORM Self 
		(INPUTS (R2 840)
			(R21 4)
			(R3 1244)
			(R1 985))
		(OUTPUTS (R23' 161)
			(R23 161)
			(R1 1000))) EU: 0.26300495146891945
	(TRANSFORM Self 
		(INPUTS (R2 22)
			(R1 591))
		(OUTPUTS (R21' 896)
			(R21 413)
			(R1 1000))) EU: 0.2640983049364441
	(TRANSFORM Self 
		(INPUTS (R2 1)
			(R21 350)
			(R3 1139)
			(R1 895))
		(OUTPUTS (R23' 182)
			(R23 182)
			(R1 1000))) EU: 0.2804011050811301
	(TRANSFER Erewhon Self ((R3 112))) EU: -0.13701439651478287
	(TRANSFER Atlantis Self ((R2 975))) EU: -0.13660770181034954
	(TRANSFORM Self 
		(INPUTS (R2 927)
			(R21 203)
			(R3 1006)
			(R1 755))
		(OUTPUTS (R23' 231)
			(R23 231)
			(R1 1000))) EU: 0.2992014012493365
	(TRANSFER Brobdingnag Self ((R3 243))) EU: -0.13263658330401848
	(TRANSFORM Self 
		(INPUTS (R2 633)
			(R21 7)
			(R1 902))
		(OUTPUTS (R22' 98)
			(R22 196)
			(R1 1000))) EU: 0.3070719303901811
	(TRANSFORM Self 
		(INPUTS (R2 17)
			(R1 692))
		(OUTPUTS (R21' 1204)
			(R21 315)
			(R1 1000))) EU: 0.30789531243879387
	(TRANSFORM Self 
		(INPUTS (R2 4)
			(R21 276)
			(R3 1184)
			(R1 935))
		(OUTPUTS (R23' 244)
			(R23 244)
			(R1 1000))) EU: 0.30904512355799174
	(TRANSFER Dinotopia Self ((R2 975))) EU: -0.12904966089061157
	(TRANSFORM Self 
		(INPUTS (R2 577)
			(R21 8)
			(R1 866))
		(OUTPUTS (R22' 232)
			(R22 464)
			(R1 1000))) EU: 0.3149790627344047
	(TRANSFORM Self 
		(INPUTS (R2 17)
			(R1 720))
		(OUTPUTS (R21' 1484)
			(R21 288)
			(R1 1000))) EU: 0.3157275971553112
	(TRANSFER Erewhon Self ((R2 975))) EU: -0.12791972445582941
	(TRANSFORM Self 
		(INPUTS (R2 572)
			(R21 8)
			(R1 860))
		(OUTPUTS (R22' 372)
			(R22 744)
			(R1 1000))) EU: 0.3218906218651385
	(TRANSFORM Self 
		(INPUTS (R2 16)
			(R1 722))
		(OUTPUTS (R21' 1762)
			(R21 286)
			(R1 1000))) EU: 0.32263380998454505
	(TRANSFER Brobdingnag Self ((R2 975))) EU: -0.12685365904819487
	(TRANSFORM Self 
		(INPUTS (R2 574)
			(R21 8)
			(R1 861))
		(OUTPUTS (R22' 511)
			(R22 1022)
			(R1 1000))) EU: 0.32874691129472733
]