[ 
	(TRANSFER Erewhon Self ((R3 249))) EU: 0.027470799685429002
	(TRANSFORM Self 
		(INPUTS (R2 26)
			(R1 513))
		(OUTPUTS (R21' 487)
			(R21 487)
			(R1 1000))) EU: 0.0055243760264170605
	(TRANSFORM Self 
		(INPUTS (R2 1)
			(R21 412)
			(R3 1124)
			(R1 875))
		(OUTPUTS (R23' 25)
			(R23 25)
			(R1 1000))) EU: 0.05337135356029998
	(TRANSFER Dinotopia Self ((R3 125))) EU: 0.05213083758284923
	(TRANSFER Carpania Self ((R2 975))) EU: 0.052441152483466036
	(TRANSFORM Self 
		(INPUTS (R2 843)
			(R21 13)
			(R3 584)
			(R1 335))
		(OUTPUTS (R23' 158)
			(R23 158)
			(R1 1000))) EU: 0.2292384740318693
	(TRANSFER Brobdingnag Self ((R3 675))) EU: 0.14834304332922799
	(TRANSFORM Self 
		(INPUTS (R2 840)
			(R21 4)
			(R3 1244)
			(R1 985))
		(OUTPUTS (R23' 161)
			(R23 161)
			(R1 1000))) EU: 0.26300495146891945
	(TRANSFORM Self 
		(INPUTS (R2 22)
			(R1 591))
		(OUTPUTS (R21' 896)
			(R21 413)
			(R1 1000))) EU: 0.2640983049364441
	(TRANSFORM Self 
		(INPUTS (R2 1)
			(R21 350)
			(R3 1139)
			(R1 895))
		(OUTPUTS (R23' 182)
			(R23 182)
			(R1 1000))) EU: 0.2804011050811301
	(TRANSFER Erewhon Self ((R3 112))) EU: 0.1574310792703652
	(TRANSFER Atlantis Self ((R2 975))) EU: 0.15777038134023996
	(TRANSFORM Self 
		(INPUTS (R2 927)
			(R21 203)
			(R3 1006)
			(R1 755))
		(OUTPUTS (R23' 231)
			(R23 231)
			(R1 1000))) EU: 0.2992014012493365
	(TRANSFER Brobdingnag Self ((R3 243))) EU: 0.16581345317649188
	(TRANSFORM Self 
		(INPUTS (R2 633)
			(R21 7)
			(R1 902))
		(OUTPUTS (R22' 98)
			(R22 196)
			(R1 1000))) EU: 0.3070719303901811
	(TRANSFORM Self 
		(INPUTS (R2 17)
			(R1 692))
		(OUTPUTS (R21' 1204)
			(R21 315)
			(R1 1000))) EU: 0.30789531243879387
	(TRANSFORM Self 
		(INPUTS (R2 4)
			(R21 276)
			(R3 1184)
			(R1 935))
		(OUTPUTS (R23' 244)
			(R23 244)
			(R1 1000))) EU: 0.30904512355799174
	(TRANSFER Dinotopia Self ((R2 975))) EU: 0.16898157904904892
	(TRANSFORM Self 
		(INPUTS (R2 577)
			(R21 8)
			(R1 866))
		(OUTPUTS (R22' 232)
			(R22 464)
			(R1 1000))) EU: 0.3149790627344047
	(TRANSFORM Self 
		(INPUTS (R2 17)
			(R1 720))
		(OUTPUTS (R21' 1484)
			(R21 288)
			(R1 1000))) EU: 0.3157275971553112
	(TRANSFER Erewhon Self ((R2 975))) EU: 0.17141273278051783
	(TRANSFORM Self 
		(INPUTS (R2 572)
			(R21 8)
			(R1 860))
		(OUTPUTS (R22' 372)
			(R22 744)
			(R1 1000))) EU: 0.3218906218651385
	(TRANSFORM Self 
		(INPUTS (R2 16)
			(R1 722))
		(OUTPUTS (R21' 1762)
			(R21 286)
			(R1 1000))) EU: 0.32263380998454505
	(TRANSFER Brobdingnag Self ((R2 975))) EU: 0.17386932824649104
	(TRANSFORM Self 
		(INPUTS (R2 574)
			(R21 8)
			(R1 861))
		(OUTPUTS (R22' 511)
			(R22 1022)
			(R1 1000))) EU: 0.32874691129472733
	(TRANSFORM Self 
		(INPUTS (R2 16)
			(R1 721))
		(OUTPUTS (R21' 2041)
			(R21 287)
			(R1 1000))) EU: 0.32949277256293064
	(TRANSFER Brobdingnag Self ((R3 67))) EU: 0.17660164649064014
	(TRANSFORM Self 
		(INPUTS (R2 4)
			(R21 279)
			(R1 996))
		(OUTPUTS (R22' 515)
			(R22 1030)
			(R1 1000))) EU: 0.3299326656464199
	(TRANSFORM Self 
		(INPUTS (R2 1)
			(R21 270)
			(R3 1236)
			(R1 985))
		(OUTPUTS (R23' 247)
			(R23 247)
			(R1 1000))) EU: 0.33001245540485924
	(TRANSFER Carpania Self ((R2 24))) EU: 0.17688032496161238
	(TRANSFORM Self 
		(INPUTS (R2 4)
			(R21 256)
			(R1 993))
		(OUTPUTS (R22' 522)
			(R22 1044)
			(R1 1000))) EU: 0.33030271130116273
	(TRANSFER Atlantis Self ((R2 24))) EU: 0.17690231364174233
	(TRANSFORM Self 
		(INPUTS (R2 4)
			(R21 240)
			(R1 992))
		(OUTPUTS (R22' 530)
			(R22 1060)
			(R1 1000))) EU: 0.3306320326142099
	(TRANSFER Dinotopia Self ((R2 24))) EU: 0.1769520625292635
	(TRANSFORM Self 
		(INPUTS (R2 4)
			(R21 224)
			(R1 992))
		(OUTPUTS (R22' 538)
			(R22 1076)
			(R1 1000))) EU: 0.3309613032637303
	(TRANSFER Erewhon Self ((R2 24))) EU: 0.1770053296084622
	(TRANSFORM Self 
		(INPUTS (R2 4)
			(R21 208)
			(R1 992))
		(OUTPUTS (R22' 546)
			(R22 1092)
			(R1 1000))) EU: 0.33129052252533775
	(TRANSFER Brobdingnag Self ((R2 24))) EU: 0.1770107470059043
	(TRANSFORM Self 
		(INPUTS (R2 4)
			(R21 192)
			(R1 992))
		(OUTPUTS (R22' 554)
			(R22 1108)
			(R1 1000))) EU: 0.33161968967480904
	(TRANSFER Brobdingnag Self ((R3 14))) EU: 0.17713105185094907
	(TRANSFORM Self 
		(INPUTS (R2 3)
			(R21 189)
			(R3 1245)
			(R1 995))
		(OUTPUTS (R23' 248)
			(R23 248)
			(R1 1000))) EU: 0.3316419746467216
	(TRANSFER Self Carpania ((R23' 241))) EU: 0.177195684248032
	(TRANSFER Self Carpania ((R23' 6))) EU: 0.1771793350294076
	(TRANSFER Carpania Self ((R23' 240))) EU: 0.17716462105003344
	(TRANSFER Self Carpania ((R23' 234))) EU: 0.17715137872595385
	(TRANSFER Self Carpania ((R23' 6))) EU: 0.17713946084294055
	(TRANSFER Carpania Self ((R23' 240))) EU: 0.1771287349173869
	(TRANSFER Self Carpania ((R23' 234))) EU: 0.17711908172151264
	(TRANSFER Self Carpania ((R23' 6))) EU: 0.17711039395637335
	(TRANSFER Carpania Self ((R23' 240))) EU: 0.1771025750578337
	(TRANSFER Self Carpania ((R23' 234))) EU: 0.17709553812215845
	(TRANSFER Self Carpania ((R23' 6))) EU: 0.17708920493921898
	(TRANSFER Carpania Self ((R23' 240))) EU: 0.17708350512252152
	(TRANSFER Self Carpania ((R23' 234))) EU: 0.17707837532634763
	(TRANSFER Self Carpania ((R23' 6))) EU: 0.17707375854127433
	(TRANSFER Carpania Self ((R23' 240))) EU: 0.1770696034602181
	(TRANSFER Self Carpania ((R23' 234))) EU: 0.1770658639079366
	(TRANSFER Self Carpania ((R23' 6))) EU: 0.17706249832762969
	(TRANSFER Carpania Self ((R23' 240))) EU: 0.17705946931892136
	(TRANSFER Self Carpania ((R23' 234))) EU: 0.1770567432220762
	(TRANSFER Self Carpania ((R23' 6))) EU: 0.17705428974382112
	(TRANSFER Carpania Self ((R23' 240))) EU: 0.17705208162060632
	(TRANSFER Self Carpania ((R23' 234))) EU: 0.17705009431555788
	(TRANSFER Self Carpania ((R23' 6))) EU: 0.1770483057457493
	(TRANSFER Carpania Self ((R23' 240))) EU: 0.17704669603675743
	(TRANSFER Self Carpania ((R23' 234))) EU: 0.17704524730177218
	(TRANSFER Self Carpania ((R23' 6))) EU: 0.17704394344280266
	(TRANSFER Carpania Self ((R23' 240))) EU: 0.17704276997176932
	(TRANSFER Self Carpania ((R23' 234))) EU: 0.17704171384949116
	(TRANSFER Self Carpania ((R23' 6))) EU: 0.17704076334077895
	(TRANSFER Carpania Self ((R23' 240))) EU: 0.17703990788402188
	(TRANSFER Self Carpania ((R23' 234))) EU: 0.17703913797381854
	(TRANSFER Self Carpania ((R23' 6))) EU: 0.17703844505534685
	(TRANSFER Carpania Self ((R23' 240))) EU: 0.17703782142929844
	(TRANSFER Self Carpania ((R23' 234))) EU: 0.17703726016632157
	(TRANSFER Self Carpania ((R23' 6))) EU: 0.17703675503002042
	(TRANSFER Carpania Self ((R23' 240))) EU: 0.17703630040765567
	(TRANSFER Self Carpania ((R23' 234))) EU: 0.17703589124777538
	(TRANSFER Self Carpania ((R23' 6))) EU: 0.1770355230040841
	(TRANSFER Carpania Self ((R23' 240))) EU: 0.17703519158492464
	(TRANSFER Self Carpania ((R23' 234))) EU: 0.17703489330781302
	(TRANSFER Self Carpania ((R23' 6))) EU: 0.17703462485851934
	(TRANSFER Carpania Self ((R23' 240))) EU: 0.1770343832542415
	(TRANSFER Self Carpania ((R23' 234))) EU: 0.17703416581046152
	(TRANSFER Self Carpania ((R23' 6))) EU: 0.1770339701111163
	(TRANSFER Carpania Self ((R23' 240))) EU: 0.17703379398175156
	(TRANSFER Self Carpania ((R23' 234))) EU: 0.17703363546536055
	(TRANSFER Self Carpania ((R23' 6))) EU: 0.1770334928006388
	(TRANSFER Carpania Self ((R23' 240))) EU: 0.17703336440241363
	(TRANSFER Self Carpania ((R23' 234))) EU: 0.17703324884403085
	(TRANSFER Self Carpania ((R23' 6))) EU: 0.1770331448415023
	(TRANSFER Carpania Self ((R23' 240))) EU: 0.1770330512392396
	(TRANSFER Self Carpania ((R23' 234))) EU: 0.1770329669972137
	(TRANSFER Self Carpania ((R23' 6))) EU: 0.1770328911793989
	(TRANSFER Carpania Self ((R23' 240))) EU: 0.1770328229433725
	(TRANSFER Self Carpania ((R23' 234))) EU: 0.1770327615309543
	(TRANSFER Self Carpania ((R23' 6))) EU: 0.1770327062597825
	(TRANSFER Carpania Self ((R23' 240))) EU: 0.1770326565157315
	(TRANSFER Self Carpania ((R23' 234))) EU: 0.1770326117460886
	(TRANSFER Self Carpania ((R23' 6))) EU: 0.17703257145341236
]