======  Schedule 1  ======
[ 
	(TRANSFER Atlantis Self ((R22 19799))) EU: -0.16464748636534474
	(TRANSFER Atlantis Self ((R23 247))) EU: -0.11024350327627477
	(TRANSFER Brobdingnag Self ((R21 39853))) EU: -0.009064026488979637
	(TRANSFER Brobdingnag Self ((R2 234964))) EU: 5.240834812711981E-4
	(TRANSFER Atlantis Self ((R3 238))) EU: -0.10162282404879244
	(TRANSFER Atlantis Self ((R23 3))) EU: -0.11838045246780315
	(TRANSFER Atlantis Self ((R22 266))) EU: -0.1331071168340088
	(TRANSFORM Self 
		(INPUTS (R2 234814)
			(R1 425))
		(OUTPUTS (R21' 575)
			(R21 40428)
			(R1 1000))) EU: 0.8034661186717644
	(TRANSFER Self Erewhon ((R21' 330))) EU: -0.09225665034420366
]
======  Schedule 2  ======
[ 
	(TRANSFER Atlantis Self ((R22 19799))) EU: -0.16464748636534474
	(TRANSFER Atlantis Self ((R23 247))) EU: -0.11024350327627477
	(TRANSFER Brobdingnag Self ((R21 39853))) EU: -0.009064026488979637
	(TRANSFER Brobdingnag Self ((R2 234964))) EU: 5.240834812711981E-4
	(TRANSFER Atlantis Self ((R3 238))) EU: -0.10162282404879244
	(TRANSFER Atlantis Self ((R23 3))) EU: -0.11838045246780315
	(TRANSFER Atlantis Self ((R22 266))) EU: -0.1331071168340088
	(TRANSFORM Self 
		(INPUTS (R2 234814)
			(R1 425))
		(OUTPUTS (R21' 575)
			(R21 40428)
			(R1 1000))) EU: 0.8034661186717644
	(TRANSFER Self Erewhon ((R21' 316))) EU: -0.09225665034420366
]
======  Schedule 3  ======
[ 
	(TRANSFER Atlantis Self ((R22 19799))) EU: -0.16464748636534474
	(TRANSFER Atlantis Self ((R23 247))) EU: -0.11024350327627477
	(TRANSFER Brobdingnag Self ((R21 39853))) EU: -0.009064026488979637
	(TRANSFER Brobdingnag Self ((R2 234964))) EU: 5.240834812711981E-4
	(TRANSFER Atlantis Self ((R3 238))) EU: -0.10162282404879244
	(TRANSFER Atlantis Self ((R23 3))) EU: -0.11838045246780315
	(TRANSFER Atlantis Self ((R22 266))) EU: -0.1331071168340088
	(TRANSFORM Self 
		(INPUTS (R2 234814)
			(R1 425))
		(OUTPUTS (R21' 575)
			(R21 40428)
			(R1 1000))) EU: 0.8034661186717644
	(TRANSFER Self Erewhon ((R21' 301))) EU: -0.09225665034420366
]
