======  Schedule 1  ======
[ 
	(TRANSFER Atlantis Self ((R22 19799))) EU: -0.14331406398688898
	(TRANSFER Atlantis Self ((R23 247))) EU: -0.058582829405462084
	(TRANSFER Brobdingnag Self ((R21 39853))) EU: 0.026819675315235603
	(TRANSFER Brobdingnag Self ((R2 234964))) EU: 0.04921811765541295
	(TRANSFER Atlantis Self ((R3 238))) EU: -0.022241006595786816
	(TRANSFER Atlantis Self ((R23 3))) EU: -0.034538243207456854
	(TRANSFER Atlantis Self ((R22 266))) EU: -0.045488515576272315
	(TRANSFORM Self 
		(INPUTS (R2 234814)
			(R1 425))
		(OUTPUTS (R21' 575)
			(R21 40428)
			(R1 1000))) EU: 0.8034661186717644
	(TRANSFER Self Erewhon ((R21' 330))) EU: -0.015419856137822485
]
======  Schedule 2  ======
[ 
	(TRANSFER Atlantis Self ((R22 19799))) EU: -0.14331406398688898
	(TRANSFER Atlantis Self ((R23 247))) EU: -0.058582829405462084
	(TRANSFER Brobdingnag Self ((R21 39853))) EU: 0.026819675315235603
	(TRANSFER Brobdingnag Self ((R2 234964))) EU: 0.04921811765541295
	(TRANSFER Atlantis Self ((R3 238))) EU: -0.022241006595786816
	(TRANSFER Atlantis Self ((R23 3))) EU: -0.034538243207456854
	(TRANSFER Atlantis Self ((R22 266))) EU: -0.045488515576272315
	(TRANSFORM Self 
		(INPUTS (R2 234814)
			(R1 425))
		(OUTPUTS (R21' 575)
			(R21 40428)
			(R1 1000))) EU: 0.8034661186717644
	(TRANSFER Self Erewhon ((R21' 316))) EU: -0.015419856137822485
]
======  Schedule 3  ======
[ 
	(TRANSFER Atlantis Self ((R22 19799))) EU: -0.14331406398688898
	(TRANSFER Atlantis Self ((R23 247))) EU: -0.058582829405462084
	(TRANSFER Brobdingnag Self ((R21 39853))) EU: 0.026819675315235603
	(TRANSFER Brobdingnag Self ((R2 234964))) EU: 0.04921811765541295
	(TRANSFER Atlantis Self ((R3 238))) EU: -0.022241006595786816
	(TRANSFER Atlantis Self ((R23 3))) EU: -0.034538243207456854
	(TRANSFER Atlantis Self ((R22 266))) EU: -0.045488515576272315
	(TRANSFORM Self 
		(INPUTS (R2 234814)
			(R1 425))
		(OUTPUTS (R21' 575)
			(R21 40428)
			(R1 1000))) EU: 0.8034661186717644
	(TRANSFER Self Erewhon ((R21' 301))) EU: -0.015419856137822485
]
