======  Schedule 1  ======
[ 
	(TRANSFER Atlantis Self ((R22 19799))) EU: -0.12172843055923954
	(TRANSFER Atlantis Self ((R23 247))) EU: -0.004848957346623217
	(TRANSFER Brobdingnag Self ((R21 39853))) EU: 0.06324241084773385
	(TRANSFER Brobdingnag Self ((R2 234964))) EU: 0.09909575644132967
	(TRANSFER Atlantis Self ((R3 238))) EU: 0.06311630419112313
	(TRANSFER Atlantis Self ((R23 3))) EU: 0.05660163762951681
	(TRANSFER Atlantis Self ((R22 266))) EU: 0.05074964703344581
	(TRANSFORM Self 
		(INPUTS (R2 234814)
			(R1 425))
		(OUTPUTS (R21' 575)
			(R21 40428)
			(R1 1000))) EU: 0.8034661186717644
	(TRANSFER Self Erewhon ((R21' 330))) EU: 0.06673505223928683
]
======  Schedule 2  ======
[ 
	(TRANSFER Atlantis Self ((R22 19799))) EU: -0.12172843055923954
	(TRANSFER Atlantis Self ((R23 247))) EU: -0.004848957346623217
	(TRANSFER Brobdingnag Self ((R21 39853))) EU: 0.06324241084773385
	(TRANSFER Brobdingnag Self ((R2 234964))) EU: 0.09909575644132967
	(TRANSFER Atlantis Self ((R3 238))) EU: 0.06311630419112313
	(TRANSFER Atlantis Self ((R23 3))) EU: 0.05660163762951681
	(TRANSFER Atlantis Self ((R22 266))) EU: 0.05074964703344581
	(TRANSFORM Self 
		(INPUTS (R2 234814)
			(R1 425))
		(OUTPUTS (R21' 575)
			(R21 40428)
			(R1 1000))) EU: 0.8034661186717644
	(TRANSFER Self Erewhon ((R21' 316))) EU: 0.06673505223928683
]
======  Schedule 3  ======
[ 
	(TRANSFER Atlantis Self ((R22 19799))) EU: -0.12172843055923954
	(TRANSFER Atlantis Self ((R23 247))) EU: -0.004848957346623217
	(TRANSFER Brobdingnag Self ((R21 39853))) EU: 0.06324241084773385
	(TRANSFER Brobdingnag Self ((R2 234964))) EU: 0.09909575644132967
	(TRANSFER Atlantis Self ((R3 238))) EU: 0.06311630419112313
	(TRANSFER Atlantis Self ((R23 3))) EU: 0.05660163762951681
	(TRANSFER Atlantis Self ((R22 266))) EU: 0.05074964703344581
	(TRANSFORM Self 
		(INPUTS (R2 234814)
			(R1 425))
		(OUTPUTS (R21' 575)
			(R21 40428)
			(R1 1000))) EU: 0.8034661186717644
	(TRANSFER Self Erewhon ((R21' 301))) EU: 0.06673505223928683
]
