[ 
	(TRANSFER Atlantis Self ((R22 19799))) EU: 0.16145503577366443
	(TRANSFER Atlantis Self ((R23 247))) EU: 0.27069378223778856
	(TRANSFER Brobdingnag Self ((R21 39853))) EU: 0.3353359906454991
	(TRANSFER Brobdingnag Self ((R2 234964))) EU: 0.36670621852193364
	(TRANSFER Atlantis Self ((R3 238))) EU: 0.32615320518464963
	(TRANSFER Atlantis Self ((R23 3))) EU: 0.31905171923012227
	(TRANSFER Atlantis Self ((R22 266))) EU: 0.3127261206089735
	(TRANSFORM Self 
		(INPUTS (R2 234814)
			(R1 425))
		(OUTPUTS (R21' 575)
			(R21 40428)
			(R1 1000))) EU: 0.8034661186717644
	(TRANSFER Self Erewhon ((R21' 560))) EU: 0.33011063344960057
	(TRANSFER Self Erewhon ((R21' 14))) EU: 0.32429671034318996
	(TRANSFER Erewhon Self ((R21' 559))) EU: 0.31910875332927174
	(TRANSFER Self Erewhon ((R21' 546))) EU: 0.31447722199025335
	(TRANSFER Self Erewhon ((R21' 13))) EU: 0.3103403948392567
	(TRANSFER Erewhon Self ((R21' 559))) EU: 0.30664355976828067
	(TRANSFER Self Erewhon ((R21' 546))) EU: 0.30333824931258874
	(TRANSFER Self Erewhon ((R21' 13))) EU: 0.30038153569370507
	(TRANSFER Erewhon Self ((R21' 559))) EU: 0.29773539160202045
	(TRANSFER Self Erewhon ((R21' 546))) EU: 0.2953661171449843
	(TRANSFER Self Erewhon ((R21' 13))) EU: 0.2932438301524781
	(TRANSFER Erewhon Self ((R21' 559))) EU: 0.2913420152944882
	(TRANSFER Self Erewhon ((R21' 546))) EU: 0.2896371266830044
	(TRANSFER Self Erewhon ((R21' 13))) EU: 0.288108238435716
	(TRANSFER Erewhon Self ((R21' 559))) EU: 0.28673673783313697
	(TRANSFER Self Erewhon ((R21' 546))) EU: 0.2855060560471553
	(TRANSFER Self Erewhon ((R21' 13))) EU: 0.28440143185827804
]