======  Schedule 1  ======
[ 
	(TRANSFER Atlantis Self ((R22 19799))) EU: -0.48373612659771886
	(TRANSFER Atlantis Self ((R23 247))) EU: -0.47968285203770694
	(TRANSFER Brobdingnag Self ((R21 39853))) EU: -0.47563096983750236
	(TRANSFER Brobdingnag Self ((R2 234964))) EU: -0.47160622641726524
	(TRANSFER Atlantis Self ((R3 238))) EU: -0.4015442116597155
	(TRANSFORM Self 
		(INPUTS (R2 234814)
			(R1 425))
		(OUTPUTS (R21' 575)
			(R21 40428)
			(R1 1000))) EU: -0.4015410006250504
	(TRANSFER Atlantis Self ((R23 3))) EU: -0.40153898057190707
	(TRANSFER Atlantis Self ((R22 266))) EU: -0.4015377120230608
	(TRANSFER Self Erewhon ((R21' 560))) EU: -0.16062301611418614
	(TRANSFER Self Erewhon ((R21' 14))) EU: -0.16062301611418614
	(TRANSFER Erewhon Self ((R21' 559))) EU: -0.16062301611418614
	(TRANSFER Self Erewhon ((R21' 546))) EU: -0.16062301611418614
	(TRANSFER Self Erewhon ((R21' 13))) EU: -0.16062301611418614
	(TRANSFER Erewhon Self ((R21' 559))) EU: -0.16062301611418614
	(TRANSFER Self Erewhon ((R21' 546))) EU: -0.16062301611418614
	(TRANSFER Self Erewhon ((R21' 13))) EU: -0.16062301611418614
	(TRANSFER Erewhon Self ((R21' 559))) EU: -0.16062301611418614
	(TRANSFER Self Erewhon ((R21' 546))) EU: -0.16062301611418614
	(TRANSFER Self Erewhon ((R21' 13))) EU: -0.16062301611418614
	(TRANSFER Erewhon Self ((R21' 559))) EU: -0.16062301611418614
	(TRANSFER Self Erewhon ((R21' 546))) EU: -0.16062301611418614
	(TRANSFER Self Erewhon ((R21' 13))) EU: -0.16062301611418614
	(TRANSFER Erewhon Self ((R21' 559))) EU: -0.16062301611418614
	(TRANSFER Self Erewhon ((R21' 546))) EU: -0.16062301611418614
	(TRANSFER Self Erewhon ((R21' 13))) EU: -0.16062301611418614
]
======  Schedule 2  ======
[ 
	(TRANSFER Atlantis Self ((R22 19799))) EU: -0.48373612659771886
	(TRANSFER Atlantis Self ((R23 247))) EU: -0.47968285203770694
	(TRANSFER Brobdingnag Self ((R21 39853))) EU: -0.47563096983750236
	(TRANSFER Brobdingnag Self ((R2 234964))) EU: -0.47160622641726524
	(TRANSFER Atlantis Self ((R3 238))) EU: -0.4015442116597155
	(TRANSFORM Self 
		(INPUTS (R2 234814)
			(R1 425))
		(OUTPUTS (R21' 575)
			(R21 40428)
			(R1 1000))) EU: -0.4015410006250504
	(TRANSFER Atlantis Self ((R23 3))) EU: -0.40153898057190707
	(TRANSFER Atlantis Self ((R22 266))) EU: -0.4015377120230608
	(TRANSFER Self Erewhon ((R21' 560))) EU: -0.16062301611418614
	(TRANSFER Self Erewhon ((R21' 14))) EU: -0.16062301611418614
	(TRANSFER Erewhon Self ((R21' 559))) EU: -0.16062301611418614
	(TRANSFER Self Erewhon ((R21' 546))) EU: -0.16062301611418614
	(TRANSFER Self Erewhon ((R21' 13))) EU: -0.16062301611418614
	(TRANSFER Erewhon Self ((R21' 559))) EU: -0.16062301611418614
	(TRANSFER Self Erewhon ((R21' 546))) EU: -0.16062301611418614
	(TRANSFER Self Erewhon ((R21' 13))) EU: -0.16062301611418614
	(TRANSFER Erewhon Self ((R21' 559))) EU: -0.16062301611418614
	(TRANSFER Self Erewhon ((R21' 546))) EU: -0.16062301611418614
	(TRANSFER Self Erewhon ((R21' 13))) EU: -0.16062301611418614
	(TRANSFER Erewhon Self ((R21' 559))) EU: -0.16062301611418614
	(TRANSFER Self Erewhon ((R21' 546))) EU: -0.16062301611418614
	(TRANSFER Self Erewhon ((R21' 13))) EU: -0.16062301611418614
	(TRANSFER Erewhon Self ((R21' 559))) EU: -0.16062301611418614
	(TRANSFER Self Erewhon ((R21' 546))) EU: -0.16062301611418614
	(TRANSFER Erewhon Self ((R21' 546))) EU: -0.16062301611418614
]
======  Schedule 3  ======
[ 
	(TRANSFER Atlantis Self ((R22 19799))) EU: -0.48373612659771886
	(TRANSFER Atlantis Self ((R23 247))) EU: -0.47968285203770694
	(TRANSFER Brobdingnag Self ((R21 39853))) EU: -0.47563096983750236
	(TRANSFER Brobdingnag Self ((R2 234964))) EU: -0.47160622641726524
	(TRANSFER Atlantis Self ((R3 238))) EU: -0.4015442116597155
	(TRANSFORM Self 
		(INPUTS (R2 234814)
			(R1 425))
		(OUTPUTS (R21' 575)
			(R21 40428)
			(R1 1000))) EU: -0.4015410006250504
	(TRANSFER Atlantis Self ((R23 3))) EU: -0.40153898057190707
	(TRANSFER Atlantis Self ((R22 266))) EU: -0.4015377120230608
	(TRANSFER Self Erewhon ((R21' 560))) EU: -0.16062301611418614
	(TRANSFER Self Erewhon ((R21' 14))) EU: -0.16062301611418614
	(TRANSFER Erewhon Self ((R21' 559))) EU: -0.16062301611418614
	(TRANSFER Self Erewhon ((R21' 546))) EU: -0.16062301611418614
	(TRANSFER Self Erewhon ((R21' 13))) EU: -0.16062301611418614
	(TRANSFER Erewhon Self ((R21' 559))) EU: -0.16062301611418614
	(TRANSFER Self Erewhon ((R21' 546))) EU: -0.16062301611418614
	(TRANSFER Self Erewhon ((R21' 13))) EU: -0.16062301611418614
	(TRANSFER Erewhon Self ((R21' 559))) EU: -0.16062301611418614
	(TRANSFER Self Erewhon ((R21' 546))) EU: -0.16062301611418614
	(TRANSFER Self Erewhon ((R21' 13))) EU: -0.16062301611418614
	(TRANSFER Erewhon Self ((R21' 559))) EU: -0.16062301611418614
	(TRANSFER Self Erewhon ((R21' 546))) EU: -0.16062301611418614
	(TRANSFER Self Erewhon ((R21' 13))) EU: -0.16062301611418614
	(TRANSFER Erewhon Self ((R21' 559))) EU: -0.16062301611418614
	(TRANSFER Self Erewhon ((R21' 546))) EU: -0.16062301611418614
	(TRANSFER Self Erewhon ((R21' 13))) EU: -0.16062301611418614
]
======  Schedule 4  ======
[ 
	(TRANSFER Atlantis Self ((R22 19799))) EU: -0.48373612659771886
	(TRANSFER Atlantis Self ((R23 247))) EU: -0.47968285203770694
	(TRANSFER Brobdingnag Self ((R21 39853))) EU: -0.47563096983750236
	(TRANSFER Brobdingnag Self ((R2 234964))) EU: -0.47160622641726524
	(TRANSFER Atlantis Self ((R3 238))) EU: -0.4015442116597155
	(TRANSFORM Self 
		(INPUTS (R2 234814)
			(R1 425))
		(OUTPUTS (R21' 575)
			(R21 40428)
			(R1 1000))) EU: -0.4015410006250504
	(TRANSFER Atlantis Self ((R23 3))) EU: -0.40153898057190707
	(TRANSFER Atlantis Self ((R22 266))) EU: -0.4015377120230608
	(TRANSFER Self Erewhon ((R21' 560))) EU: -0.16062301611418614
	(TRANSFER Self Erewhon ((R21' 14))) EU: -0.16062301611418614
	(TRANSFER Erewhon Self ((R21' 559))) EU: -0.16062301611418614
	(TRANSFER Self Erewhon ((R21' 546))) EU: -0.16062301611418614
	(TRANSFER Self Erewhon ((R21' 13))) EU: -0.16062301611418614
	(TRANSFER Erewhon Self ((R21' 559))) EU: -0.16062301611418614
	(TRANSFER Self Erewhon ((R21' 546))) EU: -0.16062301611418614
	(TRANSFER Self Erewhon ((R21' 13))) EU: -0.16062301611418614
	(TRANSFER Erewhon Self ((R21' 559))) EU: -0.16062301611418614
	(TRANSFER Self Erewhon ((R21' 546))) EU: -0.16062301611418614
	(TRANSFER Self Erewhon ((R21' 13))) EU: -0.16062301611418614
	(TRANSFER Erewhon Self ((R21' 559))) EU: -0.16062301611418614
	(TRANSFER Self Erewhon ((R21' 546))) EU: -0.16062301611418614
	(TRANSFER Self Erewhon ((R21' 13))) EU: -0.16062301611418614
	(TRANSFER Erewhon Self ((R21' 559))) EU: -0.16062301611418614
	(TRANSFER Self Erewhon ((R21' 546))) EU: -0.16062301611418614
	(TRANSFER Erewhon Self ((R21' 532))) EU: -0.16062301611418614
]
======  Schedule 5  ======
[ 
	(TRANSFER Atlantis Self ((R22 19799))) EU: -0.48373612659771886
	(TRANSFER Atlantis Self ((R23 247))) EU: -0.47968285203770694
	(TRANSFER Brobdingnag Self ((R21 39853))) EU: -0.47563096983750236
	(TRANSFER Brobdingnag Self ((R2 234964))) EU: -0.47160622641726524
	(TRANSFER Atlantis Self ((R3 238))) EU: -0.4015442116597155
	(TRANSFORM Self 
		(INPUTS (R2 234814)
			(R1 425))
		(OUTPUTS (R21' 575)
			(R21 40428)
			(R1 1000))) EU: -0.4015410006250504
	(TRANSFER Atlantis Self ((R23 3))) EU: -0.40153898057190707
	(TRANSFER Atlantis Self ((R22 266))) EU: -0.4015377120230608
	(TRANSFER Self Erewhon ((R21' 560))) EU: -0.16062301611418614
	(TRANSFER Self Erewhon ((R21' 14))) EU: -0.16062301611418614
	(TRANSFER Erewhon Self ((R21' 559))) EU: -0.16062301611418614
	(TRANSFER Self Erewhon ((R21' 546))) EU: -0.16062301611418614
	(TRANSFER Self Erewhon ((R21' 13))) EU: -0.16062301611418614
	(TRANSFER Erewhon Self ((R21' 559))) EU: -0.16062301611418614
	(TRANSFER Self Erewhon ((R21' 546))) EU: -0.16062301611418614
	(TRANSFER Self Erewhon ((R21' 13))) EU: -0.16062301611418614
	(TRANSFER Erewhon Self ((R21' 559))) EU: -0.16062301611418614
	(TRANSFER Self Erewhon ((R21' 546))) EU: -0.16062301611418614
	(TRANSFER Self Erewhon ((R21' 13))) EU: -0.16062301611418614
	(TRANSFER Erewhon Self ((R21' 559))) EU: -0.16062301611418614
	(TRANSFER Self Erewhon ((R21' 546))) EU: -0.16062301611418614
	(TRANSFER Self Erewhon ((R21' 13))) EU: -0.16062301611418614
	(TRANSFER Erewhon Self ((R21' 559))) EU: -0.16062301611418614
	(TRANSFER Self Erewhon ((R21' 546))) EU: -0.16062301611418614
	(TRANSFER Self Erewhon ((R21' 12))) EU: -0.16062301611418614
]
