======  Schedule 1  ======
[ 
	(TRANSFER Erewhon Self ((R3 249))) EU: -0.4934380566721233
	(TRANSFORM Self 
		(INPUTS (R2 26)
			(R1 513))
		(OUTPUTS (R21' 487)
			(R21 487)
			(R1 1000))) EU: -0.4934100875715209
	(TRANSFORM Self 
		(INPUTS (R2 1)
			(R21 412)
			(R3 1124)
			(R1 875))
		(OUTPUTS (R23' 25)
			(R23 25)
			(R1 1000))) EU: -0.49308702540872795
	(TRANSFER Dinotopia Self ((R3 125))) EU: -0.4930645220823304
	(TRANSFER Carpania Self ((R2 975))) EU: -0.49305014703109984
	(TRANSFORM Self 
		(INPUTS (R2 867)
			(R21 85)
			(R3 704)
			(R1 455))
		(OUTPUTS (R23' 134)
			(R23 134)
			(R1 1000))) EU: -0.48147377680278836
	(TRANSFER Dinotopia Self ((R3 546))) EU: -0.4804096434742434
	(TRANSFORM Self 
		(INPUTS (R2 840)
			(R21 4)
			(R3 1115)
			(R1 865))
		(OUTPUTS (R23' 161)
			(R23 161)
			(R1 1000))) EU: -0.4799896231147938
	(TRANSFER Dinotopia Self ((R3 139))) EU: -0.4799279257467135
	(TRANSFORM Self 
		(INPUTS (R2 22)
			(R1 591))
		(OUTPUTS (R21' 896)
			(R21 413)
			(R1 1000))) EU: -0.47987188784995544
	(TRANSFORM Self 
		(INPUTS (R2 1)
			(R21 350)
			(R3 1149)
			(R1 895))
		(OUTPUTS (R23' 182)
			(R23 182)
			(R1 1000))) EU: -0.4796230147402091
	(TRANSFER Brobdingnag Self ((R3 100))) EU: -0.4795887123310202
	(TRANSFER Atlantis Self ((R2 975))) EU: -0.4795544192809869
	(TRANSFORM Self 
		(INPUTS (R2 945)
			(R21 257)
			(R3 1094)
			(R1 845))
		(OUTPUTS (R23' 213)
			(R23 213)
			(R1 1000))) EU: -0.45078311349805006
	(TRANSFER Dinotopia Self ((R3 156))) EU: -0.45058554567122494
	(TRANSFORM Self 
		(INPUTS (R2 25)
			(R1 540))
		(OUTPUTS (R21' 1356)
			(R21 717)
			(R1 1000))) EU: -0.4504352327793824
	(TRANSFORM Self 
		(INPUTS (R2 8)
			(R21 666)
			(R3 1165)
			(R1 915))
		(OUTPUTS (R23' 230)
			(R23 230)
			(R1 1000))) EU: -0.4503203845726687
	(TRANSFER Brobdingnag Self ((R2 975))) EU: -0.45023857525935124
	(TRANSFORM Self 
		(INPUTS (R2 29)
			(R21 30)
			(R1 682))
		(OUTPUTS (R22 636)
			(R22' 318)
			(R1 1000))) EU: -0.4499924780216551
	(TRANSFER Erewhon Self ((R2 975))) EU: -0.44991066875351987
	(TRANSFORM Self 
		(INPUTS (R2 26)
			(R1 511))
		(OUTPUTS (R21' 1845)
			(R21 519)
			(R1 1000))) EU: -0.3801258673771531
	(TRANSFER Dinotopia Self ((R2 975))) EU: -0.3799307035822118
	(TRANSFORM Self 
		(INPUTS (R2 245)
			(R21 15)
			(R1 748))
		(OUTPUTS (R22 1140)
			(R22' 570)
			(R1 1000))) EU: -0.21246080349796287
	(TRANSFER Brobdingnag Self ((R3 90))) EU: -0.21213324953044244
	(TRANSFORM Self 
		(INPUTS (R2 9)
			(R1 882))
		(OUTPUTS (R21' 1963)
			(R21 133)
			(R1 1000))) EU: 0.18725714268352023
]
======  Schedule 2  ======
[ 
	(TRANSFER Erewhon Self ((R3 249))) EU: -0.4934380566721233
	(TRANSFORM Self 
		(INPUTS (R2 26)
			(R1 513))
		(OUTPUTS (R21' 487)
			(R21 487)
			(R1 1000))) EU: -0.4934100875715209
	(TRANSFORM Self 
		(INPUTS (R2 1)
			(R21 412)
			(R3 1124)
			(R1 875))
		(OUTPUTS (R23' 25)
			(R23 25)
			(R1 1000))) EU: -0.49308702540872795
	(TRANSFER Dinotopia Self ((R3 125))) EU: -0.4930645220823304
	(TRANSFER Carpania Self ((R2 975))) EU: -0.49305014703109984
	(TRANSFORM Self 
		(INPUTS (R2 867)
			(R21 85)
			(R3 704)
			(R1 455))
		(OUTPUTS (R23' 134)
			(R23 134)
			(R1 1000))) EU: -0.48147377680278836
	(TRANSFER Dinotopia Self ((R3 546))) EU: -0.4804096434742434
	(TRANSFORM Self 
		(INPUTS (R2 840)
			(R21 4)
			(R3 1115)
			(R1 865))
		(OUTPUTS (R23' 161)
			(R23 161)
			(R1 1000))) EU: -0.4799896231147938
	(TRANSFER Dinotopia Self ((R3 139))) EU: -0.4799279257467135
	(TRANSFORM Self 
		(INPUTS (R2 22)
			(R1 591))
		(OUTPUTS (R21' 896)
			(R21 413)
			(R1 1000))) EU: -0.47987188784995544
	(TRANSFORM Self 
		(INPUTS (R2 1)
			(R21 350)
			(R3 1149)
			(R1 895))
		(OUTPUTS (R23' 182)
			(R23 182)
			(R1 1000))) EU: -0.4796230147402091
	(TRANSFER Brobdingnag Self ((R3 100))) EU: -0.4795887123310202
	(TRANSFER Atlantis Self ((R2 975))) EU: -0.4795544192809869
	(TRANSFORM Self 
		(INPUTS (R2 945)
			(R21 257)
			(R3 1094)
			(R1 845))
		(OUTPUTS (R23' 213)
			(R23 213)
			(R1 1000))) EU: -0.45078311349805006
	(TRANSFER Dinotopia Self ((R3 156))) EU: -0.45058554567122494
	(TRANSFORM Self 
		(INPUTS (R2 25)
			(R1 540))
		(OUTPUTS (R21' 1356)
			(R21 717)
			(R1 1000))) EU: -0.4504352327793824
	(TRANSFORM Self 
		(INPUTS (R2 8)
			(R21 666)
			(R3 1165)
			(R1 915))
		(OUTPUTS (R23' 230)
			(R23 230)
			(R1 1000))) EU: -0.4503203845726687
	(TRANSFER Brobdingnag Self ((R2 975))) EU: -0.45023857525935124
	(TRANSFORM Self 
		(INPUTS (R2 29)
			(R21 30)
			(R1 682))
		(OUTPUTS (R22 636)
			(R22' 318)
			(R1 1000))) EU: -0.4499924780216551
	(TRANSFER Erewhon Self ((R2 975))) EU: -0.44991066875351987
	(TRANSFORM Self 
		(INPUTS (R2 26)
			(R1 511))
		(OUTPUTS (R21' 1845)
			(R21 519)
			(R1 1000))) EU: -0.3801258673771531
	(TRANSFER Dinotopia Self ((R2 975))) EU: -0.3799307035822118
	(TRANSFORM Self 
		(INPUTS (R2 245)
			(R21 15)
			(R1 748))
		(OUTPUTS (R22 1140)
			(R22' 570)
			(R1 1000))) EU: -0.21246080349796287
	(TRANSFER Brobdingnag Self ((R3 90))) EU: -0.21213324953044244
	(TRANSFORM Self 
		(INPUTS (R2 15)
			(R1 885))
		(OUTPUTS (R21' 1960)
			(R21 130)
			(R1 1000))) EU: 0.18724382928163297
]
======  Schedule 3  ======
[ 
	(TRANSFER Erewhon Self ((R3 249))) EU: -0.4934380566721233
	(TRANSFORM Self 
		(INPUTS (R2 26)
			(R1 513))
		(OUTPUTS (R21' 487)
			(R21 487)
			(R1 1000))) EU: -0.4934100875715209
	(TRANSFORM Self 
		(INPUTS (R2 1)
			(R21 412)
			(R3 1124)
			(R1 875))
		(OUTPUTS (R23' 25)
			(R23 25)
			(R1 1000))) EU: -0.49308702540872795
	(TRANSFER Dinotopia Self ((R3 125))) EU: -0.4930645220823304
	(TRANSFER Carpania Self ((R2 975))) EU: -0.49305014703109984
	(TRANSFORM Self 
		(INPUTS (R2 867)
			(R21 85)
			(R3 704)
			(R1 455))
		(OUTPUTS (R23' 134)
			(R23 134)
			(R1 1000))) EU: -0.48147377680278836
	(TRANSFER Dinotopia Self ((R3 546))) EU: -0.4804096434742434
	(TRANSFORM Self 
		(INPUTS (R2 840)
			(R21 4)
			(R3 1115)
			(R1 865))
		(OUTPUTS (R23' 161)
			(R23 161)
			(R1 1000))) EU: -0.4799896231147938
	(TRANSFER Dinotopia Self ((R3 139))) EU: -0.4799279257467135
	(TRANSFORM Self 
		(INPUTS (R2 22)
			(R1 591))
		(OUTPUTS (R21' 896)
			(R21 413)
			(R1 1000))) EU: -0.47987188784995544
	(TRANSFORM Self 
		(INPUTS (R2 1)
			(R21 350)
			(R3 1149)
			(R1 895))
		(OUTPUTS (R23' 182)
			(R23 182)
			(R1 1000))) EU: -0.4796230147402091
	(TRANSFER Brobdingnag Self ((R3 100))) EU: -0.4795887123310202
	(TRANSFER Atlantis Self ((R2 975))) EU: -0.4795544192809869
	(TRANSFORM Self 
		(INPUTS (R2 945)
			(R21 257)
			(R3 1094)
			(R1 845))
		(OUTPUTS (R23' 213)
			(R23 213)
			(R1 1000))) EU: -0.45078311349805006
	(TRANSFER Dinotopia Self ((R3 156))) EU: -0.45058554567122494
	(TRANSFORM Self 
		(INPUTS (R2 25)
			(R1 540))
		(OUTPUTS (R21' 1356)
			(R21 717)
			(R1 1000))) EU: -0.4504352327793824
	(TRANSFORM Self 
		(INPUTS (R2 8)
			(R21 666)
			(R3 1165)
			(R1 915))
		(OUTPUTS (R23' 230)
			(R23 230)
			(R1 1000))) EU: -0.4503203845726687
	(TRANSFER Brobdingnag Self ((R2 975))) EU: -0.45023857525935124
	(TRANSFORM Self 
		(INPUTS (R2 29)
			(R21 30)
			(R1 682))
		(OUTPUTS (R22 636)
			(R22' 318)
			(R1 1000))) EU: -0.4499924780216551
	(TRANSFER Erewhon Self ((R2 975))) EU: -0.44991066875351987
	(TRANSFORM Self 
		(INPUTS (R2 26)
			(R1 511))
		(OUTPUTS (R21' 1845)
			(R21 519)
			(R1 1000))) EU: -0.3801258673771531
	(TRANSFER Dinotopia Self ((R2 975))) EU: -0.3799307035822118
	(TRANSFORM Self 
		(INPUTS (R2 245)
			(R21 15)
			(R1 748))
		(OUTPUTS (R22 1140)
			(R22' 570)
			(R1 1000))) EU: -0.21246080349796287
	(TRANSFER Brobdingnag Self ((R3 90))) EU: -0.21213324953044244
	(TRANSFORM Self 
		(INPUTS (R2 21)
			(R1 888))
		(OUTPUTS (R21' 1957)
			(R21 127)
			(R1 1000))) EU: 0.1872305158655173
]
======  Schedule 4  ======
[ 
	(TRANSFER Erewhon Self ((R3 249))) EU: -0.4934380566721233
	(TRANSFORM Self 
		(INPUTS (R2 26)
			(R1 513))
		(OUTPUTS (R21' 487)
			(R21 487)
			(R1 1000))) EU: -0.4934100875715209
	(TRANSFORM Self 
		(INPUTS (R2 1)
			(R21 412)
			(R3 1124)
			(R1 875))
		(OUTPUTS (R23' 25)
			(R23 25)
			(R1 1000))) EU: -0.49308702540872795
	(TRANSFER Dinotopia Self ((R3 125))) EU: -0.4930645220823304
	(TRANSFER Carpania Self ((R2 975))) EU: -0.49305014703109984
	(TRANSFORM Self 
		(INPUTS (R2 867)
			(R21 85)
			(R3 704)
			(R1 455))
		(OUTPUTS (R23' 134)
			(R23 134)
			(R1 1000))) EU: -0.48147377680278836
	(TRANSFER Dinotopia Self ((R3 546))) EU: -0.4804096434742434
	(TRANSFORM Self 
		(INPUTS (R2 840)
			(R21 4)
			(R3 1115)
			(R1 865))
		(OUTPUTS (R23' 161)
			(R23 161)
			(R1 1000))) EU: -0.4799896231147938
	(TRANSFER Dinotopia Self ((R3 139))) EU: -0.4799279257467135
	(TRANSFORM Self 
		(INPUTS (R2 22)
			(R1 591))
		(OUTPUTS (R21' 896)
			(R21 413)
			(R1 1000))) EU: -0.47987188784995544
	(TRANSFORM Self 
		(INPUTS (R2 1)
			(R21 350)
			(R3 1149)
			(R1 895))
		(OUTPUTS (R23' 182)
			(R23 182)
			(R1 1000))) EU: -0.4796230147402091
	(TRANSFER Brobdingnag Self ((R3 100))) EU: -0.4795887123310202
	(TRANSFER Atlantis Self ((R2 975))) EU: -0.4795544192809869
	(TRANSFORM Self 
		(INPUTS (R2 945)
			(R21 257)
			(R3 1094)
			(R1 845))
		(OUTPUTS (R23' 213)
			(R23 213)
			(R1 1000))) EU: -0.45078311349805006
	(TRANSFER Dinotopia Self ((R3 156))) EU: -0.45058554567122494
	(TRANSFORM Self 
		(INPUTS (R2 25)
			(R1 540))
		(OUTPUTS (R21' 1356)
			(R21 717)
			(R1 1000))) EU: -0.4504352327793824
	(TRANSFORM Self 
		(INPUTS (R2 8)
			(R21 666)
			(R3 1165)
			(R1 915))
		(OUTPUTS (R23' 230)
			(R23 230)
			(R1 1000))) EU: -0.4503203845726687
	(TRANSFER Brobdingnag Self ((R2 975))) EU: -0.45023857525935124
	(TRANSFORM Self 
		(INPUTS (R2 29)
			(R21 30)
			(R1 682))
		(OUTPUTS (R22 636)
			(R22' 318)
			(R1 1000))) EU: -0.4499924780216551
	(TRANSFER Erewhon Self ((R2 975))) EU: -0.44991066875351987
	(TRANSFORM Self 
		(INPUTS (R2 26)
			(R1 511))
		(OUTPUTS (R21' 1845)
			(R21 519)
			(R1 1000))) EU: -0.3801258673771531
	(TRANSFER Dinotopia Self ((R2 975))) EU: -0.3799307035822118
	(TRANSFORM Self 
		(INPUTS (R2 245)
			(R21 15)
			(R1 748))
		(OUTPUTS (R22 1140)
			(R22' 570)
			(R1 1000))) EU: -0.21246080349796287
	(TRANSFER Brobdingnag Self ((R3 90))) EU: -0.21213324953044244
	(TRANSFORM Self 
		(INPUTS (R2 27)
			(R1 891))
		(OUTPUTS (R21' 1954)
			(R21 124)
			(R1 1000))) EU: 0.18721720243548823
]
======  Schedule 5  ======
[ 
	(TRANSFER Erewhon Self ((R3 249))) EU: -0.4934380566721233
	(TRANSFORM Self 
		(INPUTS (R2 26)
			(R1 513))
		(OUTPUTS (R21' 487)
			(R21 487)
			(R1 1000))) EU: -0.4934100875715209
	(TRANSFORM Self 
		(INPUTS (R2 1)
			(R21 412)
			(R3 1124)
			(R1 875))
		(OUTPUTS (R23' 25)
			(R23 25)
			(R1 1000))) EU: -0.49308702540872795
	(TRANSFER Dinotopia Self ((R3 125))) EU: -0.4930645220823304
	(TRANSFER Carpania Self ((R2 975))) EU: -0.49305014703109984
	(TRANSFORM Self 
		(INPUTS (R2 867)
			(R21 85)
			(R3 704)
			(R1 455))
		(OUTPUTS (R23' 134)
			(R23 134)
			(R1 1000))) EU: -0.48147377680278836
	(TRANSFER Dinotopia Self ((R3 546))) EU: -0.4804096434742434
	(TRANSFORM Self 
		(INPUTS (R2 840)
			(R21 4)
			(R3 1115)
			(R1 865))
		(OUTPUTS (R23' 161)
			(R23 161)
			(R1 1000))) EU: -0.4799896231147938
	(TRANSFER Dinotopia Self ((R3 139))) EU: -0.4799279257467135
	(TRANSFORM Self 
		(INPUTS (R2 22)
			(R1 591))
		(OUTPUTS (R21' 896)
			(R21 413)
			(R1 1000))) EU: -0.47987188784995544
	(TRANSFORM Self 
		(INPUTS (R2 1)
			(R21 350)
			(R3 1149)
			(R1 895))
		(OUTPUTS (R23' 182)
			(R23 182)
			(R1 1000))) EU: -0.4796230147402091
	(TRANSFER Brobdingnag Self ((R3 100))) EU: -0.4795887123310202
	(TRANSFER Atlantis Self ((R2 975))) EU: -0.4795544192809869
	(TRANSFORM Self 
		(INPUTS (R2 945)
			(R21 257)
			(R3 1094)
			(R1 845))
		(OUTPUTS (R23' 213)
			(R23 213)
			(R1 1000))) EU: -0.45078311349805006
	(TRANSFER Dinotopia Self ((R3 156))) EU: -0.45058554567122494
	(TRANSFORM Self 
		(INPUTS (R2 25)
			(R1 540))
		(OUTPUTS (R21' 1356)
			(R21 717)
			(R1 1000))) EU: -0.4504352327793824
	(TRANSFORM Self 
		(INPUTS (R2 8)
			(R21 666)
			(R3 1165)
			(R1 915))
		(OUTPUTS (R23' 230)
			(R23 230)
			(R1 1000))) EU: -0.4503203845726687
	(TRANSFER Brobdingnag Self ((R2 975))) EU: -0.45023857525935124
	(TRANSFORM Self 
		(INPUTS (R2 29)
			(R21 30)
			(R1 682))
		(OUTPUTS (R22 636)
			(R22' 318)
			(R1 1000))) EU: -0.4499924780216551
	(TRANSFER Erewhon Self ((R2 975))) EU: -0.44991066875351987
	(TRANSFORM Self 
		(INPUTS (R2 26)
			(R1 511))
		(OUTPUTS (R21' 1845)
			(R21 519)
			(R1 1000))) EU: -0.3801258673771531
	(TRANSFER Dinotopia Self ((R2 975))) EU: -0.3799307035822118
	(TRANSFORM Self 
		(INPUTS (R2 245)
			(R21 15)
			(R1 748))
		(OUTPUTS (R22 1140)
			(R22' 570)
			(R1 1000))) EU: -0.21246080349796287
	(TRANSFER Brobdingnag Self ((R3 90))) EU: -0.21213324953044244
	(TRANSFORM Self 
		(INPUTS (R2 33)
			(R1 894))
		(OUTPUTS (R21' 1951)
			(R21 121)
			(R1 1000))) EU: 0.18720388899186047
]
