======  Schedule 1  ======
[ 
	(TRANSFER Dinotopia Self ((R22 19800))) EU: -0.49290873262409474
	(TRANSFER Carpania Self ((R21 40342))) EU: -0.49114137312757666
	(TRANSFER Erewhon Self ((R23 247))) EU: -0.4893740913906747
	(TRANSFER Atlantis Self ((R2 237847))) EU: -0.48761874417509476
	(TRANSFER Atlantis Self ((R3 249))) EU: -0.4875441090842587
	(TRANSFER Erewhon Self ((R23 5))) EU: -0.46853923432743644
	(TRANSFORM Self 
		(INPUTS (R2 238247)
			(R1 700))
		(OUTPUTS (R21' 300)
			(R21 40642)
			(R1 1000))) EU: -0.4204827586958491
	(TRANSFER Brobdingnag Self ((R2 975))) EU: -0.4204821791130926
	(TRANSFORM Self 
		(INPUTS (R2 238997)
			(R21 40492)
			(R1 925))
		(OUTPUTS (R22 19950)
			(R22' 75)
			(R1 1000))) EU: -0.42048159209843805
	(TRANSFER Carpania Self ((R2 975))) EU: -0.4204812997632032
	(TRANSFORM Self 
		(INPUTS (R2 239524)
			(R1 776))
		(OUTPUTS (R21' 524)
			(R21 40716)
			(R1 1000))) EU: -0.29901684204254186
	(TRANSFER Dinotopia Self ((R2 725))) EU: -0.299016581357057
	(TRANSFORM Self 
		(INPUTS (R2 240174)
			(R21 40666)
			(R1 975))
		(OUTPUTS (R22 20000)
			(R22' 100)
			(R1 1000))) EU: -0.29901650722460665
	(TRANSFORM Self 
		(INPUTS (R2 240024)
			(R1 925))
		(OUTPUTS (R21' 599)
			(R21 40741)
			(R1 1000))) EU: -0.2990164097406271
	(TRANSFER Dinotopia Self ((R2 226))) EU: -0.2990163844964554
	(TRANSFER Self Brobdingnag ((R22' 97))) EU: 0.00798290318158712
	(TRANSFER Self Brobdingnag ((R22' 2))) EU: 0.00798290318158712
	(TRANSFER Brobdingnag Self ((R22' 96))) EU: 0.00798290318158712
	(TRANSFER Self Brobdingnag ((R22' 94))) EU: 0.00798290318158712
	(TRANSFER Self Brobdingnag ((R22' 2))) EU: 0.00798290318158712
	(TRANSFER Brobdingnag Self ((R22' 96))) EU: 0.00798290318158712
	(TRANSFER Self Brobdingnag ((R22' 94))) EU: 0.00798290318158712
	(TRANSFER Self Brobdingnag ((R22' 2))) EU: 0.00798290318158712
	(TRANSFER Brobdingnag Self ((R22' 96))) EU: 0.00798290318158712
	(TRANSFER Self Brobdingnag ((R22' 94))) EU: 0.00798290318158712
]
======  Schedule 2  ======
[ 
	(TRANSFER Dinotopia Self ((R22 19800))) EU: -0.49290873262409474
	(TRANSFER Carpania Self ((R21 40342))) EU: -0.49114137312757666
	(TRANSFER Erewhon Self ((R23 247))) EU: -0.4893740913906747
	(TRANSFER Atlantis Self ((R2 237847))) EU: -0.48761874417509476
	(TRANSFER Atlantis Self ((R3 249))) EU: -0.4875441090842587
	(TRANSFER Erewhon Self ((R23 5))) EU: -0.46853923432743644
	(TRANSFORM Self 
		(INPUTS (R2 238247)
			(R1 700))
		(OUTPUTS (R21' 300)
			(R21 40642)
			(R1 1000))) EU: -0.4204827586958491
	(TRANSFER Brobdingnag Self ((R2 975))) EU: -0.4204821791130926
	(TRANSFORM Self 
		(INPUTS (R2 238997)
			(R21 40492)
			(R1 925))
		(OUTPUTS (R22 19950)
			(R22' 75)
			(R1 1000))) EU: -0.42048159209843805
	(TRANSFER Carpania Self ((R2 975))) EU: -0.4204812997632032
	(TRANSFORM Self 
		(INPUTS (R2 239524)
			(R1 776))
		(OUTPUTS (R21' 524)
			(R21 40716)
			(R1 1000))) EU: -0.29901684204254186
	(TRANSFER Dinotopia Self ((R2 725))) EU: -0.299016581357057
	(TRANSFORM Self 
		(INPUTS (R2 240174)
			(R21 40666)
			(R1 975))
		(OUTPUTS (R22 20000)
			(R22' 100)
			(R1 1000))) EU: -0.29901650722460665
	(TRANSFORM Self 
		(INPUTS (R2 240024)
			(R1 925))
		(OUTPUTS (R21' 599)
			(R21 40741)
			(R1 1000))) EU: -0.2990164097406271
	(TRANSFER Dinotopia Self ((R2 226))) EU: -0.2990163844964554
	(TRANSFER Self Brobdingnag ((R22' 97))) EU: 0.00798290318158712
	(TRANSFER Self Brobdingnag ((R22' 2))) EU: 0.00798290318158712
	(TRANSFER Brobdingnag Self ((R22' 96))) EU: 0.00798290318158712
	(TRANSFER Self Brobdingnag ((R22' 94))) EU: 0.00798290318158712
	(TRANSFER Self Brobdingnag ((R22' 2))) EU: 0.00798290318158712
	(TRANSFER Brobdingnag Self ((R22' 96))) EU: 0.00798290318158712
	(TRANSFER Self Brobdingnag ((R22' 94))) EU: 0.00798290318158712
	(TRANSFER Self Brobdingnag ((R22' 2))) EU: 0.00798290318158712
	(TRANSFER Brobdingnag Self ((R22' 96))) EU: 0.00798290318158712
	(TRANSFER Brobdingnag Self ((R22' 2))) EU: 0.00798290318158712
]
======  Schedule 3  ======
[ 
	(TRANSFER Dinotopia Self ((R22 19800))) EU: -0.49290873262409474
	(TRANSFER Carpania Self ((R21 40342))) EU: -0.49114137312757666
	(TRANSFER Erewhon Self ((R23 247))) EU: -0.4893740913906747
	(TRANSFER Atlantis Self ((R2 237847))) EU: -0.48761874417509476
	(TRANSFER Atlantis Self ((R3 249))) EU: -0.4875441090842587
	(TRANSFER Erewhon Self ((R23 5))) EU: -0.46853923432743644
	(TRANSFORM Self 
		(INPUTS (R2 238247)
			(R1 700))
		(OUTPUTS (R21' 300)
			(R21 40642)
			(R1 1000))) EU: -0.4204827586958491
	(TRANSFER Brobdingnag Self ((R2 975))) EU: -0.4204821791130926
	(TRANSFORM Self 
		(INPUTS (R2 238997)
			(R21 40492)
			(R1 925))
		(OUTPUTS (R22 19950)
			(R22' 75)
			(R1 1000))) EU: -0.42048159209843805
	(TRANSFER Carpania Self ((R2 975))) EU: -0.4204812997632032
	(TRANSFORM Self 
		(INPUTS (R2 239524)
			(R1 776))
		(OUTPUTS (R21' 524)
			(R21 40716)
			(R1 1000))) EU: -0.29901684204254186
	(TRANSFER Dinotopia Self ((R2 725))) EU: -0.299016581357057
	(TRANSFORM Self 
		(INPUTS (R2 240174)
			(R21 40666)
			(R1 975))
		(OUTPUTS (R22 20000)
			(R22' 100)
			(R1 1000))) EU: -0.29901650722460665
	(TRANSFORM Self 
		(INPUTS (R2 240024)
			(R1 925))
		(OUTPUTS (R21' 599)
			(R21 40741)
			(R1 1000))) EU: -0.2990164097406271
	(TRANSFER Dinotopia Self ((R2 226))) EU: -0.2990163844964554
	(TRANSFER Self Brobdingnag ((R22' 97))) EU: 0.00798290318158712
	(TRANSFER Self Brobdingnag ((R22' 2))) EU: 0.00798290318158712
	(TRANSFER Brobdingnag Self ((R22' 96))) EU: 0.00798290318158712
	(TRANSFER Self Brobdingnag ((R22' 94))) EU: 0.00798290318158712
	(TRANSFER Self Brobdingnag ((R22' 2))) EU: 0.00798290318158712
	(TRANSFER Brobdingnag Self ((R22' 96))) EU: 0.00798290318158712
	(TRANSFER Self Brobdingnag ((R22' 94))) EU: 0.00798290318158712
	(TRANSFER Self Brobdingnag ((R22' 2))) EU: 0.00798290318158712
	(TRANSFER Brobdingnag Self ((R22' 96))) EU: 0.00798290318158712
	(TRANSFER Self Brobdingnag ((R22' 92))) EU: 0.00798290318158712
]
======  Schedule 4  ======
[ 
	(TRANSFER Dinotopia Self ((R22 19800))) EU: -0.49290873262409474
	(TRANSFER Carpania Self ((R21 40342))) EU: -0.49114137312757666
	(TRANSFER Erewhon Self ((R23 247))) EU: -0.4893740913906747
	(TRANSFER Atlantis Self ((R2 237847))) EU: -0.48761874417509476
	(TRANSFER Atlantis Self ((R3 249))) EU: -0.4875441090842587
	(TRANSFER Erewhon Self ((R23 5))) EU: -0.46853923432743644
	(TRANSFORM Self 
		(INPUTS (R2 238247)
			(R1 700))
		(OUTPUTS (R21' 300)
			(R21 40642)
			(R1 1000))) EU: -0.4204827586958491
	(TRANSFER Brobdingnag Self ((R2 975))) EU: -0.4204821791130926
	(TRANSFORM Self 
		(INPUTS (R2 238997)
			(R21 40492)
			(R1 925))
		(OUTPUTS (R22 19950)
			(R22' 75)
			(R1 1000))) EU: -0.42048159209843805
	(TRANSFER Carpania Self ((R2 975))) EU: -0.4204812997632032
	(TRANSFORM Self 
		(INPUTS (R2 239524)
			(R1 776))
		(OUTPUTS (R21' 524)
			(R21 40716)
			(R1 1000))) EU: -0.29901684204254186
	(TRANSFER Dinotopia Self ((R2 725))) EU: -0.299016581357057
	(TRANSFORM Self 
		(INPUTS (R2 240174)
			(R21 40666)
			(R1 975))
		(OUTPUTS (R22 20000)
			(R22' 100)
			(R1 1000))) EU: -0.29901650722460665
	(TRANSFORM Self 
		(INPUTS (R2 240024)
			(R1 925))
		(OUTPUTS (R21' 599)
			(R21 40741)
			(R1 1000))) EU: -0.2990164097406271
	(TRANSFER Dinotopia Self ((R2 226))) EU: -0.2990163844964554
	(TRANSFER Self Brobdingnag ((R22' 97))) EU: 0.00798290318158712
	(TRANSFER Self Brobdingnag ((R22' 2))) EU: 0.00798290318158712
	(TRANSFER Brobdingnag Self ((R22' 96))) EU: 0.00798290318158712
	(TRANSFER Self Brobdingnag ((R22' 94))) EU: 0.00798290318158712
	(TRANSFER Self Brobdingnag ((R22' 2))) EU: 0.00798290318158712
	(TRANSFER Brobdingnag Self ((R22' 96))) EU: 0.00798290318158712
	(TRANSFER Self Brobdingnag ((R22' 94))) EU: 0.00798290318158712
	(TRANSFER Self Brobdingnag ((R22' 2))) EU: 0.00798290318158712
	(TRANSFER Brobdingnag Self ((R22' 96))) EU: 0.00798290318158712
	(TRANSFER Brobdingnag Self ((R22' 2))) EU: 0.00798290318158712
]
======  Schedule 5  ======
[ 
	(TRANSFER Dinotopia Self ((R22 19800))) EU: -0.49290873262409474
	(TRANSFER Carpania Self ((R21 40342))) EU: -0.49114137312757666
	(TRANSFER Erewhon Self ((R23 247))) EU: -0.4893740913906747
	(TRANSFER Atlantis Self ((R2 237847))) EU: -0.48761874417509476
	(TRANSFER Atlantis Self ((R3 249))) EU: -0.4875441090842587
	(TRANSFER Erewhon Self ((R23 5))) EU: -0.46853923432743644
	(TRANSFORM Self 
		(INPUTS (R2 238247)
			(R1 700))
		(OUTPUTS (R21' 300)
			(R21 40642)
			(R1 1000))) EU: -0.4204827586958491
	(TRANSFER Brobdingnag Self ((R2 975))) EU: -0.4204821791130926
	(TRANSFORM Self 
		(INPUTS (R2 238997)
			(R21 40492)
			(R1 925))
		(OUTPUTS (R22 19950)
			(R22' 75)
			(R1 1000))) EU: -0.42048159209843805
	(TRANSFER Carpania Self ((R2 975))) EU: -0.4204812997632032
	(TRANSFORM Self 
		(INPUTS (R2 239524)
			(R1 776))
		(OUTPUTS (R21' 524)
			(R21 40716)
			(R1 1000))) EU: -0.29901684204254186
	(TRANSFER Dinotopia Self ((R2 725))) EU: -0.299016581357057
	(TRANSFORM Self 
		(INPUTS (R2 240174)
			(R21 40666)
			(R1 975))
		(OUTPUTS (R22 20000)
			(R22' 100)
			(R1 1000))) EU: -0.29901650722460665
	(TRANSFORM Self 
		(INPUTS (R2 240024)
			(R1 925))
		(OUTPUTS (R21' 599)
			(R21 40741)
			(R1 1000))) EU: -0.2990164097406271
	(TRANSFER Dinotopia Self ((R2 226))) EU: -0.2990163844964554
	(TRANSFER Self Brobdingnag ((R22' 97))) EU: 0.00798290318158712
	(TRANSFER Self Brobdingnag ((R22' 2))) EU: 0.00798290318158712
	(TRANSFER Brobdingnag Self ((R22' 96))) EU: 0.00798290318158712
	(TRANSFER Self Brobdingnag ((R22' 94))) EU: 0.00798290318158712
	(TRANSFER Self Brobdingnag ((R22' 2))) EU: 0.00798290318158712
	(TRANSFER Brobdingnag Self ((R22' 96))) EU: 0.00798290318158712
	(TRANSFER Self Brobdingnag ((R22' 94))) EU: 0.00798290318158712
	(TRANSFER Self Brobdingnag ((R22' 2))) EU: 0.00798290318158712
	(TRANSFER Brobdingnag Self ((R22' 96))) EU: 0.00798290318158712
	(TRANSFER Self Brobdingnag ((R22' 89))) EU: 0.00798290318158712
]
