======  Schedule 1  ======
[ 
	(TRANSFER Atlantis Self ((R22 19799))) EU: 0.1659831778431366
	(TRANSFER Atlantis Self ((R23 247))) EU: 0.3319591790931742
	(TRANSFER Brobdingnag Self ((R21 39853))) EU: 0.4978781651300317
	(TRANSFER Brobdingnag Self ((R2 234964))) EU: 0.6626858555684493
	(TRANSFER Atlantis Self ((R3 238))) EU: 0.6696800425847608
	(TRANSFORM Self 
		(INPUTS (R2 234814)
			(R1 425))
		(OUTPUTS (R21' 575)
			(R21 40428)
			(R1 1000))) EU: 0.6697181905009687
	(TRANSFER Atlantis Self ((R23 3))) EU: 0.6697421892509311
	(TRANSFER Atlantis Self ((R22 266))) EU: 0.669757259936906
	(TRANSFER Self Erewhon ((R21' 560))) EU: 0.669757259936906
	(TRANSFER Self Erewhon ((R21' 14))) EU: 0.669757259936906
	(TRANSFER Erewhon Self ((R21' 559))) EU: 0.669757259936906
	(TRANSFER Self Erewhon ((R21' 546))) EU: 0.669757259936906
	(TRANSFER Self Erewhon ((R21' 13))) EU: 0.669757259936906
	(TRANSFER Erewhon Self ((R21' 559))) EU: 0.669757259936906
	(TRANSFER Self Erewhon ((R21' 546))) EU: 0.669757259936906
	(TRANSFER Self Erewhon ((R21' 13))) EU: 0.669757259936906
	(TRANSFER Erewhon Self ((R21' 559))) EU: 0.669757259936906
	(TRANSFER Self Erewhon ((R21' 546))) EU: 0.669757259936906
	(TRANSFER Self Erewhon ((R21' 13))) EU: 0.669757259936906
	(TRANSFER Erewhon Self ((R21' 559))) EU: 0.669757259936906
	(TRANSFER Self Erewhon ((R21' 546))) EU: 0.669757259936906
	(TRANSFER Self Erewhon ((R21' 13))) EU: 0.669757259936906
	(TRANSFER Erewhon Self ((R21' 559))) EU: 0.669757259936906
	(TRANSFER Self Erewhon ((R21' 546))) EU: 0.669757259936906
	(TRANSFER Self Erewhon ((R21' 13))) EU: 0.669757259936906
]
======  Schedule 2  ======
[ 
	(TRANSFER Atlantis Self ((R22 19799))) EU: 0.1659831778431366
	(TRANSFER Atlantis Self ((R23 247))) EU: 0.3319591790931742
	(TRANSFER Brobdingnag Self ((R21 39853))) EU: 0.4978781651300317
	(TRANSFER Brobdingnag Self ((R2 234964))) EU: 0.6626858555684493
	(TRANSFER Atlantis Self ((R3 238))) EU: 0.6696800425847608
	(TRANSFORM Self 
		(INPUTS (R2 234814)
			(R1 425))
		(OUTPUTS (R21' 575)
			(R21 40428)
			(R1 1000))) EU: 0.6697181905009687
	(TRANSFER Atlantis Self ((R23 3))) EU: 0.6697421892509311
	(TRANSFER Atlantis Self ((R22 266))) EU: 0.669757259936906
	(TRANSFER Self Erewhon ((R21' 560))) EU: 0.669757259936906
	(TRANSFER Self Erewhon ((R21' 14))) EU: 0.669757259936906
	(TRANSFER Erewhon Self ((R21' 559))) EU: 0.669757259936906
	(TRANSFER Self Erewhon ((R21' 546))) EU: 0.669757259936906
	(TRANSFER Self Erewhon ((R21' 13))) EU: 0.669757259936906
	(TRANSFER Erewhon Self ((R21' 559))) EU: 0.669757259936906
	(TRANSFER Self Erewhon ((R21' 546))) EU: 0.669757259936906
	(TRANSFER Self Erewhon ((R21' 13))) EU: 0.669757259936906
	(TRANSFER Erewhon Self ((R21' 559))) EU: 0.669757259936906
	(TRANSFER Self Erewhon ((R21' 546))) EU: 0.669757259936906
	(TRANSFER Self Erewhon ((R21' 13))) EU: 0.669757259936906
	(TRANSFER Erewhon Self ((R21' 559))) EU: 0.669757259936906
	(TRANSFER Self Erewhon ((R21' 546))) EU: 0.669757259936906
	(TRANSFER Self Erewhon ((R21' 13))) EU: 0.669757259936906
	(TRANSFER Erewhon Self ((R21' 559))) EU: 0.669757259936906
	(TRANSFER Self Erewhon ((R21' 546))) EU: 0.669757259936906
	(TRANSFER Erewhon Self ((R21' 546))) EU: 0.669757259936906
]
======  Schedule 3  ======
[ 
	(TRANSFER Atlantis Self ((R22 19799))) EU: 0.1659831778431366
	(TRANSFER Atlantis Self ((R23 247))) EU: 0.3319591790931742
	(TRANSFER Brobdingnag Self ((R21 39853))) EU: 0.4978781651300317
	(TRANSFER Brobdingnag Self ((R2 234964))) EU: 0.6626858555684493
	(TRANSFER Atlantis Self ((R3 238))) EU: 0.6696800425847608
	(TRANSFORM Self 
		(INPUTS (R2 234814)
			(R1 425))
		(OUTPUTS (R21' 575)
			(R21 40428)
			(R1 1000))) EU: 0.6697181905009687
	(TRANSFER Atlantis Self ((R23 3))) EU: 0.6697421892509311
	(TRANSFER Atlantis Self ((R22 266))) EU: 0.669757259936906
	(TRANSFER Self Erewhon ((R21' 560))) EU: 0.669757259936906
	(TRANSFER Self Erewhon ((R21' 14))) EU: 0.669757259936906
	(TRANSFER Erewhon Self ((R21' 559))) EU: 0.669757259936906
	(TRANSFER Self Erewhon ((R21' 546))) EU: 0.669757259936906
	(TRANSFER Self Erewhon ((R21' 13))) EU: 0.669757259936906
	(TRANSFER Erewhon Self ((R21' 559))) EU: 0.669757259936906
	(TRANSFER Self Erewhon ((R21' 546))) EU: 0.669757259936906
	(TRANSFER Self Erewhon ((R21' 13))) EU: 0.669757259936906
	(TRANSFER Erewhon Self ((R21' 559))) EU: 0.669757259936906
	(TRANSFER Self Erewhon ((R21' 546))) EU: 0.669757259936906
	(TRANSFER Self Erewhon ((R21' 13))) EU: 0.669757259936906
	(TRANSFER Erewhon Self ((R21' 559))) EU: 0.669757259936906
	(TRANSFER Self Erewhon ((R21' 546))) EU: 0.669757259936906
	(TRANSFER Self Erewhon ((R21' 13))) EU: 0.669757259936906
	(TRANSFER Erewhon Self ((R21' 559))) EU: 0.669757259936906
	(TRANSFER Self Erewhon ((R21' 546))) EU: 0.669757259936906
	(TRANSFER Self Erewhon ((R21' 13))) EU: 0.669757259936906
]
======  Schedule 4  ======
[ 
	(TRANSFER Atlantis Self ((R22 19799))) EU: 0.1659831778431366
	(TRANSFER Atlantis Self ((R23 247))) EU: 0.3319591790931742
	(TRANSFER Brobdingnag Self ((R21 39853))) EU: 0.4978781651300317
	(TRANSFER Brobdingnag Self ((R2 234964))) EU: 0.6626858555684493
	(TRANSFER Atlantis Self ((R3 238))) EU: 0.6696800425847608
	(TRANSFORM Self 
		(INPUTS (R2 234814)
			(R1 425))
		(OUTPUTS (R21' 575)
			(R21 40428)
			(R1 1000))) EU: 0.6697181905009687
	(TRANSFER Atlantis Self ((R23 3))) EU: 0.6697421892509311
	(TRANSFER Atlantis Self ((R22 266))) EU: 0.669757259936906
	(TRANSFER Self Erewhon ((R21' 560))) EU: 0.669757259936906
	(TRANSFER Self Erewhon ((R21' 14))) EU: 0.669757259936906
	(TRANSFER Erewhon Self ((R21' 559))) EU: 0.669757259936906
	(TRANSFER Self Erewhon ((R21' 546))) EU: 0.669757259936906
	(TRANSFER Self Erewhon ((R21' 13))) EU: 0.669757259936906
	(TRANSFER Erewhon Self ((R21' 559))) EU: 0.669757259936906
	(TRANSFER Self Erewhon ((R21' 546))) EU: 0.669757259936906
	(TRANSFER Self Erewhon ((R21' 13))) EU: 0.669757259936906
	(TRANSFER Erewhon Self ((R21' 559))) EU: 0.669757259936906
	(TRANSFER Self Erewhon ((R21' 546))) EU: 0.669757259936906
	(TRANSFER Self Erewhon ((R21' 13))) EU: 0.669757259936906
	(TRANSFER Erewhon Self ((R21' 559))) EU: 0.669757259936906
	(TRANSFER Self Erewhon ((R21' 546))) EU: 0.669757259936906
	(TRANSFER Self Erewhon ((R21' 13))) EU: 0.669757259936906
	(TRANSFER Erewhon Self ((R21' 559))) EU: 0.669757259936906
	(TRANSFER Self Erewhon ((R21' 546))) EU: 0.669757259936906
	(TRANSFER Erewhon Self ((R21' 532))) EU: 0.669757259936906
]
======  Schedule 5  ======
[ 
	(TRANSFER Atlantis Self ((R22 19799))) EU: 0.1659831778431366
	(TRANSFER Atlantis Self ((R23 247))) EU: 0.3319591790931742
	(TRANSFER Brobdingnag Self ((R21 39853))) EU: 0.4978781651300317
	(TRANSFER Brobdingnag Self ((R2 234964))) EU: 0.6626858555684493
	(TRANSFER Atlantis Self ((R3 238))) EU: 0.6696800425847608
	(TRANSFORM Self 
		(INPUTS (R2 234814)
			(R1 425))
		(OUTPUTS (R21' 575)
			(R21 40428)
			(R1 1000))) EU: 0.6697181905009687
	(TRANSFER Atlantis Self ((R23 3))) EU: 0.6697421892509311
	(TRANSFER Atlantis Self ((R22 266))) EU: 0.669757259936906
	(TRANSFER Self Erewhon ((R21' 560))) EU: 0.669757259936906
	(TRANSFER Self Erewhon ((R21' 14))) EU: 0.669757259936906
	(TRANSFER Erewhon Self ((R21' 559))) EU: 0.669757259936906
	(TRANSFER Self Erewhon ((R21' 546))) EU: 0.669757259936906
	(TRANSFER Self Erewhon ((R21' 13))) EU: 0.669757259936906
	(TRANSFER Erewhon Self ((R21' 559))) EU: 0.669757259936906
	(TRANSFER Self Erewhon ((R21' 546))) EU: 0.669757259936906
	(TRANSFER Self Erewhon ((R21' 13))) EU: 0.669757259936906
	(TRANSFER Erewhon Self ((R21' 559))) EU: 0.669757259936906
	(TRANSFER Self Erewhon ((R21' 546))) EU: 0.669757259936906
	(TRANSFER Self Erewhon ((R21' 13))) EU: 0.669757259936906
	(TRANSFER Erewhon Self ((R21' 559))) EU: 0.669757259936906
	(TRANSFER Self Erewhon ((R21' 546))) EU: 0.669757259936906
	(TRANSFER Self Erewhon ((R21' 13))) EU: 0.669757259936906
	(TRANSFER Erewhon Self ((R21' 559))) EU: 0.669757259936906
	(TRANSFER Self Erewhon ((R21' 546))) EU: 0.669757259936906
	(TRANSFER Self Erewhon ((R21' 12))) EU: 0.669757259936906
]
